use_cuda: True
total trainable params 16435072
Loading checkpoint path
Load checkpoint from: checkpoints/checkpoint_step000020000.pth
Load optimizer state from checkpoints/checkpoint_step000020000.pth
Begining Training
Global_epoch: 176
Global_epoch: 177
Global_epoch: 178
Global_epoch: 179
Global_epoch: 180
Global_epoch: 181
Global_epoch: 182
Global_epoch: 183
Global_epoch: 184
Global_epoch: 185
Global_epoch: 186
Global_epoch: 187
Global_epoch: 188
Global_epoch: 189
Global_epoch: 190
Global_epoch: 191
Global_epoch: 192
Global_epoch: 193
Global_epoch: 194
Global_epoch: 195
Global_epoch: 196
Global_epoch: 197
Global_epoch: 198
Global_epoch: 199
Global_epoch: 200
Global_epoch: 201
Global_epoch: 202
Global_epoch: 203
Global_epoch: 204
Global_epoch: 205
Global_epoch: 206
Global_epoch: 207
Global_epoch: 208
Global_epoch: 209
Global_epoch: 210
Global_epoch: 211
Global_epoch: 212
Global_epoch: 213
Global_epoch: 214
Global_epoch: 215
Global_epoch: 216
Global_epoch: 217
Global_epoch: 218
Global_epoch: 219
Global_epoch: 220
Global_epoch: 221
Global_epoch: 222
Global_epoch: 223
Global_epoch: 224
Global_epoch: 225
Global_epoch: 226
Global_epoch: 227
Global_epoch: 228
Global_epoch: 229
Global_epoch: 230
Global_epoch: 231
Global_epoch: 232
Global_epoch: 233
Global_epoch: 234
Global_epoch: 235
Global_epoch: 236
Global_epoch: 237
Global_epoch: 238
Global_epoch: 239
Global_epoch: 240
Global_epoch: 241
Global_epoch: 242
Global_epoch: 243
Global_epoch: 244
Global_epoch: 245
Global_epoch: 246
Global_epoch: 247
Global_epoch: 248
Global_epoch: 249
Global_epoch: 250
Global_epoch: 251
Global_epoch: 252
Global_epoch: 253
Global_epoch: 254
Global_epoch: 255
Global_epoch: 256
Global_epoch: 257
Global_epoch: 258
Global_epoch: 259
Global_epoch: 260
Global_epoch: 261
Global_epoch: 262
Global_epoch: 263
Saved checkpoint: checkpoints/checkpoint_step000030000.pth
Evaluating for 1400 steps
0.3760526953265071
Global_epoch: 264
Global_epoch: 265
Global_epoch: 266
Global_epoch: 267
Global_epoch: 268
Global_epoch: 269
Global_epoch: 270
Global_epoch: 271
Global_epoch: 272
Global_epoch: 273
Global_epoch: 274
Global_epoch: 275
Global_epoch: 276
Global_epoch: 277
Global_epoch: 278
Global_epoch: 279
Global_epoch: 280
Global_epoch: 281
Global_epoch: 282
Global_epoch: 283
Global_epoch: 284
Global_epoch: 285
Global_epoch: 286
Global_epoch: 287
Global_epoch: 288
Global_epoch: 289
Global_epoch: 290
Global_epoch: 291
Global_epoch: 292
Global_epoch: 293
Global_epoch: 294
Global_epoch: 295
Global_epoch: 296
Global_epoch: 297
Global_epoch: 298
Global_epoch: 299
Global_epoch: 300
Global_epoch: 301
Global_epoch: 302
Global_epoch: 303
Global_epoch: 304
Global_epoch: 305
Global_epoch: 306
Global_epoch: 307
Global_epoch: 308
Global_epoch: 309
Global_epoch: 310
Global_epoch: 311
Global_epoch: 312
Global_epoch: 313
Global_epoch: 314
Global_epoch: 315
Global_epoch: 316
Global_epoch: 317
Global_epoch: 318
Global_epoch: 319
Global_epoch: 320
Global_epoch: 321
Global_epoch: 322
Global_epoch: 323
Global_epoch: 324
Global_epoch: 325
Global_epoch: 326
Global_epoch: 327
Global_epoch: 328
Global_epoch: 329
Global_epoch: 330
Global_epoch: 331
Global_epoch: 332
Global_epoch: 333
Global_epoch: 334
Global_epoch: 335
Global_epoch: 336
Global_epoch: 337
Global_epoch: 338
Global_epoch: 339
Global_epoch: 340
Global_epoch: 341
Global_epoch: 342
Global_epoch: 343
Global_epoch: 344
Global_epoch: 345
Global_epoch: 346
Global_epoch: 347
Global_epoch: 348
Global_epoch: 349
Global_epoch: 350
Global_epoch: 351
Saved checkpoint: checkpoints/checkpoint_step000040000.pth
Evaluating for 1400 steps
0.4023840184013049
Global_epoch: 352
Global_epoch: 353
Global_epoch: 354
Global_epoch: 355
Global_epoch: 356
Global_epoch: 357
Global_epoch: 358
Global_epoch: 359
Global_epoch: 360
Global_epoch: 361
Global_epoch: 362
Global_epoch: 363
Global_epoch: 364
Global_epoch: 365
Global_epoch: 366
Global_epoch: 367
Global_epoch: 368
Global_epoch: 369
Global_epoch: 370
Global_epoch: 371
Global_epoch: 372
Global_epoch: 373
Global_epoch: 374
Global_epoch: 375
Global_epoch: 376
Global_epoch: 377
Global_epoch: 378
Global_epoch: 379
Global_epoch: 380
Global_epoch: 381
Global_epoch: 382
Global_epoch: 383
Global_epoch: 384
Global_epoch: 385
Global_epoch: 386
Global_epoch: 387
Global_epoch: 388
Global_epoch: 389
Global_epoch: 390
Global_epoch: 391
Global_epoch: 392
Global_epoch: 393
Global_epoch: 394
Global_epoch: 395
Global_epoch: 396
Global_epoch: 397
Global_epoch: 398
Global_epoch: 399
Global_epoch: 400
Global_epoch: 401
Global_epoch: 402
Global_epoch: 403
Global_epoch: 404
Global_epoch: 405
Global_epoch: 406
Global_epoch: 407
Global_epoch: 408
Global_epoch: 409
Global_epoch: 410
Global_epoch: 411
Global_epoch: 412
Global_epoch: 413
Global_epoch: 414
Global_epoch: 415
Global_epoch: 416
Global_epoch: 417
Global_epoch: 418
Global_epoch: 419
Global_epoch: 420
Global_epoch: 421
Global_epoch: 422
Global_epoch: 423
Global_epoch: 424
Global_epoch: 425
Global_epoch: 426
Global_epoch: 427
Global_epoch: 428
Global_epoch: 429
Global_epoch: 430
Global_epoch: 431
Global_epoch: 432
Global_epoch: 433
Global_epoch: 434
Global_epoch: 435
Global_epoch: 436
Global_epoch: 437
Global_epoch: 438
Global_epoch: 439
Global_epoch: 440
Saved checkpoint: checkpoints/checkpoint_step000050000.pth
Evaluating for 1400 steps
0.483816542228063
Global_epoch: 441
Global_epoch: 442
Global_epoch: 443
Global_epoch: 444
Global_epoch: 445
Global_epoch: 446
Global_epoch: 447
Global_epoch: 448
Global_epoch: 449
Global_epoch: 450
Global_epoch: 451
Global_epoch: 452
Global_epoch: 453
Global_epoch: 454
Global_epoch: 455
Global_epoch: 456
Global_epoch: 457
Global_epoch: 458
Global_epoch: 459
Global_epoch: 460
Global_epoch: 461
Global_epoch: 462
Global_epoch: 463
Global_epoch: 464
Global_epoch: 465
Global_epoch: 466
Global_epoch: 467
Global_epoch: 468
Global_epoch: 469
Global_epoch: 470
Global_epoch: 471
Global_epoch: 472
Global_epoch: 473
Global_epoch: 474
Global_epoch: 475
Global_epoch: 476
Global_epoch: 477
Global_epoch: 478
Global_epoch: 479
Global_epoch: 480
Global_epoch: 481
Global_epoch: 482
Global_epoch: 483
Global_epoch: 484
Global_epoch: 485
Global_epoch: 486
Global_epoch: 487
Global_epoch: 488
Global_epoch: 489
Global_epoch: 490
Global_epoch: 491
Global_epoch: 492
Global_epoch: 493
Global_epoch: 494
Global_epoch: 495
Global_epoch: 496
Global_epoch: 497
Global_epoch: 498
Global_epoch: 499
Global_epoch: 500
Global_epoch: 501
Global_epoch: 502
Global_epoch: 503
Global_epoch: 504
Global_epoch: 505
Global_epoch: 506
Global_epoch: 507
Global_epoch: 508
Global_epoch: 509
Global_epoch: 510
Global_epoch: 511
Global_epoch: 512
Global_epoch: 513
Global_epoch: 514
Global_epoch: 515
Global_epoch: 516
Global_epoch: 517
Global_epoch: 518
Global_epoch: 519
Global_epoch: 520
Global_epoch: 521
Global_epoch: 522
Global_epoch: 523
Global_epoch: 524
Global_epoch: 525
Global_epoch: 526
Global_epoch: 527
Global_epoch: 528
Saved checkpoint: checkpoints/checkpoint_step000060000.pth
Evaluating for 1400 steps
0.40479593972365063
Global_epoch: 529
Global_epoch: 530
Global_epoch: 531
Global_epoch: 532
Global_epoch: 533
Global_epoch: 534
Global_epoch: 535
Global_epoch: 536
Global_epoch: 537
Global_epoch: 538
Global_epoch: 539
Global_epoch: 540
Global_epoch: 541
Global_epoch: 542
Global_epoch: 543
Global_epoch: 544
Global_epoch: 545
Global_epoch: 546
Global_epoch: 547
Global_epoch: 548
Global_epoch: 549
Global_epoch: 550
Global_epoch: 551
Global_epoch: 552
Global_epoch: 553
Global_epoch: 554
Global_epoch: 555
Global_epoch: 556
Global_epoch: 557
Global_epoch: 558
Global_epoch: 559
Global_epoch: 560
Global_epoch: 561
Global_epoch: 562
Global_epoch: 563
Global_epoch: 564
Global_epoch: 565
Global_epoch: 566
Global_epoch: 567
Global_epoch: 568
Global_epoch: 569
Global_epoch: 570
Global_epoch: 571
Global_epoch: 572
Global_epoch: 573
Global_epoch: 574
Global_epoch: 575
Global_epoch: 576
Global_epoch: 577
Global_epoch: 578
Global_epoch: 579
Global_epoch: 580
Global_epoch: 581
Global_epoch: 582
Global_epoch: 583
Global_epoch: 584
Global_epoch: 585
Global_epoch: 586
Global_epoch: 587
Global_epoch: 588
Global_epoch: 589
Global_epoch: 590
Global_epoch: 591
Global_epoch: 592
Global_epoch: 593
Global_epoch: 594
Global_epoch: 595
Global_epoch: 596
Global_epoch: 597
Global_epoch: 598
Global_epoch: 599
Global_epoch: 600
Global_epoch: 601
Global_epoch: 602
Global_epoch: 603
Global_epoch: 604
Global_epoch: 605
Global_epoch: 606
Global_epoch: 607
Global_epoch: 608
Global_epoch: 609
Global_epoch: 610
Global_epoch: 611
Global_epoch: 612
Global_epoch: 613
Global_epoch: 614
Global_epoch: 615
Global_epoch: 616
Global_epoch: 617
Saved checkpoint: checkpoints/checkpoint_step000070000.pth
Evaluating for 1400 steps
0.4064196680982908
Global_epoch: 618
Global_epoch: 619
Global_epoch: 620
Global_epoch: 621
Global_epoch: 622
Global_epoch: 623
Global_epoch: 624
Global_epoch: 625
Global_epoch: 626
Global_epoch: 627
Global_epoch: 628
Global_epoch: 629
Global_epoch: 630
Global_epoch: 631
Global_epoch: 632
Global_epoch: 633
Global_epoch: 634
Global_epoch: 635
Global_epoch: 636
Global_epoch: 637
Global_epoch: 638
Global_epoch: 639
Global_epoch: 640
Global_epoch: 641
Global_epoch: 642
Global_epoch: 643
Global_epoch: 644
Global_epoch: 645
Global_epoch: 646
Global_epoch: 647
Global_epoch: 648
Global_epoch: 649
Global_epoch: 650
Global_epoch: 651
Global_epoch: 652
Global_epoch: 653
Global_epoch: 654
Global_epoch: 655
Global_epoch: 656
Global_epoch: 657
Global_epoch: 658
Global_epoch: 659
Global_epoch: 660
Global_epoch: 661
Global_epoch: 662
Global_epoch: 663
Global_epoch: 664
Global_epoch: 665
Global_epoch: 666
Global_epoch: 667
Global_epoch: 668
Global_epoch: 669
Global_epoch: 670
Global_epoch: 671
Global_epoch: 672
Global_epoch: 673
Global_epoch: 674
Global_epoch: 675
Global_epoch: 676
Global_epoch: 677
Global_epoch: 678
Global_epoch: 679
Global_epoch: 680
Global_epoch: 681
Global_epoch: 682
Global_epoch: 683
Global_epoch: 684
Global_epoch: 685
Global_epoch: 686
Global_epoch: 687
Global_epoch: 688
Global_epoch: 689
Global_epoch: 690
Global_epoch: 691
Global_epoch: 692
Global_epoch: 693
Global_epoch: 694
Global_epoch: 695
Global_epoch: 696
Global_epoch: 697
Global_epoch: 698
Global_epoch: 699
Global_epoch: 700
Global_epoch: 701
Global_epoch: 702
Global_epoch: 703
Global_epoch: 704
Global_epoch: 705
Saved checkpoint: checkpoints/checkpoint_step000080000.pth
Evaluating for 1400 steps
0.5474699633040776
Global_epoch: 706
Global_epoch: 707
Global_epoch: 708
Global_epoch: 709
Global_epoch: 710
Global_epoch: 711
Global_epoch: 712
Global_epoch: 713
Global_epoch: 714
Global_epoch: 715
Global_epoch: 716
Global_epoch: 717
Global_epoch: 718
Global_epoch: 719
Global_epoch: 720
Global_epoch: 721
Global_epoch: 722
Global_epoch: 723
Global_epoch: 724
Global_epoch: 725
Global_epoch: 726
Global_epoch: 727
Global_epoch: 728
Global_epoch: 729
Global_epoch: 730
Global_epoch: 731
Global_epoch: 732
Global_epoch: 733
Global_epoch: 734
Global_epoch: 735
Global_epoch: 736
Global_epoch: 737
Global_epoch: 738
Global_epoch: 739
Global_epoch: 740
Global_epoch: 741
Global_epoch: 742
Global_epoch: 743
Global_epoch: 744
Global_epoch: 745
Global_epoch: 746
Global_epoch: 747
Global_epoch: 748
Global_epoch: 749
Global_epoch: 750
Global_epoch: 751
Global_epoch: 752
Global_epoch: 753
Global_epoch: 754
Global_epoch: 755
Global_epoch: 756
Global_epoch: 757
Global_epoch: 758
Global_epoch: 759
Global_epoch: 760
Global_epoch: 761
Global_epoch: 762
Global_epoch: 763
Global_epoch: 764
Global_epoch: 765
Global_epoch: 766
Global_epoch: 767
Global_epoch: 768
Global_epoch: 769
Global_epoch: 770
Global_epoch: 771
Global_epoch: 772
Global_epoch: 773
Global_epoch: 774
Global_epoch: 775
Global_epoch: 776
Global_epoch: 777
Global_epoch: 778
Global_epoch: 779
Global_epoch: 780
Global_epoch: 781
Global_epoch: 782
Global_epoch: 783
Global_epoch: 784
Global_epoch: 785
Global_epoch: 786
Global_epoch: 787
Global_epoch: 788
Global_epoch: 789
Global_epoch: 790
Global_epoch: 791
Global_epoch: 792
Global_epoch: 793
Global_epoch: 794
Saved checkpoint: checkpoints/checkpoint_step000090000.pth
Evaluating for 1400 steps
0.5340796360202754
Global_epoch: 795
Global_epoch: 796
Global_epoch: 797
Global_epoch: 798
Global_epoch: 799
Global_epoch: 800
Global_epoch: 801
Global_epoch: 802
Global_epoch: 803
Global_epoch: 804
Global_epoch: 805
Global_epoch: 806
Global_epoch: 807
Global_epoch: 808
Global_epoch: 809
Global_epoch: 810
Global_epoch: 811
Global_epoch: 812
Global_epoch: 813
Global_epoch: 814
Global_epoch: 815
Global_epoch: 816
Global_epoch: 817
Global_epoch: 818
Global_epoch: 819
Global_epoch: 820
Global_epoch: 821
Global_epoch: 822
Global_epoch: 823
Global_epoch: 824
Global_epoch: 825
Global_epoch: 826
Global_epoch: 827
Global_epoch: 828
Global_epoch: 829
Global_epoch: 830
Global_epoch: 831
Global_epoch: 832
Global_epoch: 833
Global_epoch: 834
Global_epoch: 835
Global_epoch: 836
Global_epoch: 837
Global_epoch: 838
Global_epoch: 839
Global_epoch: 840
Global_epoch: 841
Global_epoch: 842
Global_epoch: 843
Global_epoch: 844
Global_epoch: 845
Global_epoch: 846
Global_epoch: 847
Global_epoch: 848
Global_epoch: 849
Global_epoch: 850
Global_epoch: 851
Global_epoch: 852
Global_epoch: 853
Global_epoch: 854
Global_epoch: 855
Global_epoch: 856
Global_epoch: 857
Global_epoch: 858
Global_epoch: 859
Global_epoch: 860
Global_epoch: 861
Global_epoch: 862
Global_epoch: 863
Global_epoch: 864
Global_epoch: 865
Global_epoch: 866
Global_epoch: 867
Global_epoch: 868
Global_epoch: 869
Global_epoch: 870
Global_epoch: 871
Global_epoch: 872
Global_epoch: 873
Global_epoch: 874
Global_epoch: 875
Global_epoch: 876
Global_epoch: 877
Global_epoch: 878
Global_epoch: 879
Global_epoch: 880
Global_epoch: 881
Global_epoch: 882
Saved checkpoint: checkpoints/checkpoint_step000100000.pth
Evaluating for 1400 steps
0.6739879707495372
Global_epoch: 883
Global_epoch: 884
Global_epoch: 885
Global_epoch: 886
Global_epoch: 887
Global_epoch: 888
Global_epoch: 889
Global_epoch: 890
Global_epoch: 891
Global_epoch: 892
Global_epoch: 893
Global_epoch: 894
Global_epoch: 895
Global_epoch: 896
Global_epoch: 897
Global_epoch: 898
Global_epoch: 899
Global_epoch: 900
Global_epoch: 901
Global_epoch: 902
Global_epoch: 903
Global_epoch: 904
Global_epoch: 905
Global_epoch: 906
Global_epoch: 907
Global_epoch: 908
Global_epoch: 909
Global_epoch: 910
Global_epoch: 911
Global_epoch: 912
Global_epoch: 913
Global_epoch: 914
Global_epoch: 915
Global_epoch: 916
Global_epoch: 917
Global_epoch: 918
Global_epoch: 919
Global_epoch: 920
Global_epoch: 921
Global_epoch: 922
Global_epoch: 923
Global_epoch: 924
Global_epoch: 925
Global_epoch: 926
Global_epoch: 927
Global_epoch: 928
Global_epoch: 929
Global_epoch: 930
Global_epoch: 931
Global_epoch: 932
Global_epoch: 933
Global_epoch: 934
Global_epoch: 935
Global_epoch: 936
Global_epoch: 937
Global_epoch: 938
Global_epoch: 939
Global_epoch: 940
Global_epoch: 941
Global_epoch: 942
Global_epoch: 943
Global_epoch: 944
Global_epoch: 945
Global_epoch: 946
Global_epoch: 947
Global_epoch: 948
Global_epoch: 949
Global_epoch: 950
Global_epoch: 951
Global_epoch: 952
Global_epoch: 953
Global_epoch: 954
Global_epoch: 955
Global_epoch: 956
Global_epoch: 957
Global_epoch: 958
Global_epoch: 959
Global_epoch: 960
Global_epoch: 961
Global_epoch: 962
Global_epoch: 963
Global_epoch: 964
Global_epoch: 965
Global_epoch: 966
Global_epoch: 967
Global_epoch: 968
Global_epoch: 969
Global_epoch: 970
Global_epoch: 971
Saved checkpoint: checkpoints/checkpoint_step000110000.pth
Evaluating for 1400 steps
0.9642662872870763
Global_epoch: 972
Global_epoch: 973
Global_epoch: 974
Global_epoch: 975
Global_epoch: 976
Global_epoch: 977
Global_epoch: 978
Global_epoch: 979
Global_epoch: 980
Global_epoch: 981
Global_epoch: 982
Global_epoch: 983
Global_epoch: 984
Global_epoch: 985
Global_epoch: 986
Global_epoch: 987
Global_epoch: 988
Global_epoch: 989
Global_epoch: 990
Global_epoch: 991
Global_epoch: 992
Global_epoch: 993
Global_epoch: 994
Global_epoch: 995
Global_epoch: 996
Global_epoch: 997
Global_epoch: 998
Global_epoch: 999
Global_epoch: 1000
Global_epoch: 1001
Global_epoch: 1002
Global_epoch: 1003
Global_epoch: 1004
Global_epoch: 1005
Global_epoch: 1006
Global_epoch: 1007
Global_epoch: 1008
Global_epoch: 1009
Global_epoch: 1010
Global_epoch: 1011
Global_epoch: 1012
Global_epoch: 1013
Global_epoch: 1014
Global_epoch: 1015
Global_epoch: 1016
Global_epoch: 1017
Global_epoch: 1018
Global_epoch: 1019
Global_epoch: 1020
Global_epoch: 1021
Global_epoch: 1022
Global_epoch: 1023
Global_epoch: 1024
Global_epoch: 1025
Global_epoch: 1026
Global_epoch: 1027
Global_epoch: 1028
Global_epoch: 1029
Global_epoch: 1030
Global_epoch: 1031
Global_epoch: 1032
Global_epoch: 1033
Global_epoch: 1034
Global_epoch: 1035
Global_epoch: 1036
Global_epoch: 1037
Global_epoch: 1038
Global_epoch: 1039
Global_epoch: 1040
Global_epoch: 1041
Global_epoch: 1042
Global_epoch: 1043
Global_epoch: 1044
Global_epoch: 1045
Global_epoch: 1046
Global_epoch: 1047
Global_epoch: 1048
Global_epoch: 1049
Global_epoch: 1050
Global_epoch: 1051
Global_epoch: 1052
Global_epoch: 1053
Global_epoch: 1054
Global_epoch: 1055
Global_epoch: 1056
Global_epoch: 1057
Global_epoch: 1058
Global_epoch: 1059
Saved checkpoint: checkpoints/checkpoint_step000120000.pth
Evaluating for 1400 steps
0.7731346368789673
Global_epoch: 1060
Global_epoch: 1061
Global_epoch: 1062
Global_epoch: 1063
Global_epoch: 1064
Global_epoch: 1065
Global_epoch: 1066
Global_epoch: 1067
Global_epoch: 1068
Global_epoch: 1069
Global_epoch: 1070
Global_epoch: 1071
Global_epoch: 1072
Global_epoch: 1073
Global_epoch: 1074
Global_epoch: 1075
Global_epoch: 1076
Global_epoch: 1077
Global_epoch: 1078
Global_epoch: 1079
Global_epoch: 1080
Global_epoch: 1081
Global_epoch: 1082
Global_epoch: 1083
Global_epoch: 1084
Global_epoch: 1085
Global_epoch: 1086
Global_epoch: 1087
Global_epoch: 1088
Global_epoch: 1089
Global_epoch: 1090
Global_epoch: 1091
Global_epoch: 1092
Global_epoch: 1093
Global_epoch: 1094
Global_epoch: 1095
Global_epoch: 1096
Global_epoch: 1097
Global_epoch: 1098
Global_epoch: 1099
Global_epoch: 1100
Global_epoch: 1101
Global_epoch: 1102
Global_epoch: 1103
Global_epoch: 1104
Global_epoch: 1105
Global_epoch: 1106
Global_epoch: 1107
Global_epoch: 1108
Global_epoch: 1109
Global_epoch: 1110
Global_epoch: 1111
Global_epoch: 1112
Global_epoch: 1113
Global_epoch: 1114
Global_epoch: 1115
Global_epoch: 1116
Global_epoch: 1117
Global_epoch: 1118
Global_epoch: 1119
Global_epoch: 1120
Global_epoch: 1121
Global_epoch: 1122
Global_epoch: 1123
Global_epoch: 1124
Global_epoch: 1125
Global_epoch: 1126
Global_epoch: 1127
Global_epoch: 1128
Global_epoch: 1129
Global_epoch: 1130
Global_epoch: 1131
Global_epoch: 1132
Global_epoch: 1133
Global_epoch: 1134
Global_epoch: 1135
Global_epoch: 1136
Global_epoch: 1137
Global_epoch: 1138
Global_epoch: 1139
Global_epoch: 1140
Global_epoch: 1141
Global_epoch: 1142
Global_epoch: 1143
Global_epoch: 1144
Global_epoch: 1145
Global_epoch: 1146
Global_epoch: 1147
Global_epoch: 1148
Saved checkpoint: checkpoints/checkpoint_step000130000.pth
Evaluating for 1400 steps
0.7224003235499065
Global_epoch: 1149
Global_epoch: 1150
Global_epoch: 1151
Global_epoch: 1152
Global_epoch: 1153
Global_epoch: 1154
Global_epoch: 1155
Global_epoch: 1156
Global_epoch: 1157
Global_epoch: 1158
Global_epoch: 1159
Global_epoch: 1160
Global_epoch: 1161
Global_epoch: 1162
Global_epoch: 1163
Global_epoch: 1164
Global_epoch: 1165
Global_epoch: 1166
Global_epoch: 1167
Global_epoch: 1168
Global_epoch: 1169
Global_epoch: 1170
Global_epoch: 1171
Global_epoch: 1172
Global_epoch: 1173
Global_epoch: 1174
Global_epoch: 1175
Global_epoch: 1176
Global_epoch: 1177
Global_epoch: 1178
Global_epoch: 1179
Global_epoch: 1180
Global_epoch: 1181
Global_epoch: 1182
Global_epoch: 1183
Global_epoch: 1184
Global_epoch: 1185
Global_epoch: 1186
Global_epoch: 1187
Global_epoch: 1188
Global_epoch: 1189
Global_epoch: 1190
Global_epoch: 1191
Global_epoch: 1192
Global_epoch: 1193
Global_epoch: 1194
Global_epoch: 1195
Global_epoch: 1196
Global_epoch: 1197
Global_epoch: 1198
Global_epoch: 1199
Global_epoch: 1200
Global_epoch: 1201
Global_epoch: 1202
Global_epoch: 1203
Global_epoch: 1204
Global_epoch: 1205
Global_epoch: 1206
Global_epoch: 1207
Global_epoch: 1208
Global_epoch: 1209
Global_epoch: 1210
Global_epoch: 1211
Global_epoch: 1212
Global_epoch: 1213
Global_epoch: 1214
Global_epoch: 1215
Global_epoch: 1216
Global_epoch: 1217
Global_epoch: 1218
Global_epoch: 1219
Global_epoch: 1220
Global_epoch: 1221
Global_epoch: 1222
Global_epoch: 1223
Global_epoch: 1224
Global_epoch: 1225
Global_epoch: 1226
Global_epoch: 1227
Global_epoch: 1228
Global_epoch: 1229
Global_epoch: 1230
Global_epoch: 1231
Global_epoch: 1232
Global_epoch: 1233
Global_epoch: 1234
Global_epoch: 1235
Global_epoch: 1236
Saved checkpoint: checkpoints/checkpoint_step000140000.pth
Evaluating for 1400 steps
0.8845537145932515
Global_epoch: 1237
Global_epoch: 1238
Global_epoch: 1239
Global_epoch: 1240
Global_epoch: 1241
Global_epoch: 1242
Global_epoch: 1243
Global_epoch: 1244
Global_epoch: 1245
Global_epoch: 1246
Global_epoch: 1247
Global_epoch: 1248
Global_epoch: 1249
Global_epoch: 1250
Global_epoch: 1251
Global_epoch: 1252
Global_epoch: 1253
Global_epoch: 1254
Global_epoch: 1255
Global_epoch: 1256
Global_epoch: 1257
Global_epoch: 1258
Global_epoch: 1259
Global_epoch: 1260
Global_epoch: 1261
Global_epoch: 1262
Global_epoch: 1263
Global_epoch: 1264
Global_epoch: 1265
Global_epoch: 1266
Global_epoch: 1267
Global_epoch: 1268
Global_epoch: 1269
Global_epoch: 1270
Global_epoch: 1271
Global_epoch: 1272
Global_epoch: 1273
Global_epoch: 1274
Global_epoch: 1275
Global_epoch: 1276
Global_epoch: 1277
Global_epoch: 1278
Global_epoch: 1279
Global_epoch: 1280
Global_epoch: 1281
Global_epoch: 1282
Global_epoch: 1283
Global_epoch: 1284
Global_epoch: 1285
Global_epoch: 1286
Global_epoch: 1287
Global_epoch: 1288
Global_epoch: 1289
Global_epoch: 1290
Global_epoch: 1291
Global_epoch: 1292
Global_epoch: 1293
Global_epoch: 1294
Global_epoch: 1295
Global_epoch: 1296
Global_epoch: 1297
Global_epoch: 1298
Global_epoch: 1299
Global_epoch: 1300
Global_epoch: 1301
Global_epoch: 1302
Global_epoch: 1303
Global_epoch: 1304
Global_epoch: 1305
Global_epoch: 1306
Global_epoch: 1307
Global_epoch: 1308
Global_epoch: 1309
Global_epoch: 1310
Global_epoch: 1311
Global_epoch: 1312
Global_epoch: 1313
Global_epoch: 1314
Global_epoch: 1315
Global_epoch: 1316
Global_epoch: 1317
Global_epoch: 1318
Global_epoch: 1319
Global_epoch: 1320
Global_epoch: 1321
Global_epoch: 1322
Global_epoch: 1323
Global_epoch: 1324
Global_epoch: 1325
Saved checkpoint: checkpoints/checkpoint_step000150000.pth
Evaluating for 1400 steps
0.9901793042818705
Global_epoch: 1326
Global_epoch: 1327
Global_epoch: 1328
Global_epoch: 1329
Global_epoch: 1330
Global_epoch: 1331
Global_epoch: 1332
Global_epoch: 1333
Global_epoch: 1334
Global_epoch: 1335
Global_epoch: 1336
Global_epoch: 1337
Global_epoch: 1338
Global_epoch: 1339
Global_epoch: 1340
Global_epoch: 1341
Global_epoch: 1342
Global_epoch: 1343
Global_epoch: 1344
Global_epoch: 1345
Global_epoch: 1346
Global_epoch: 1347
Global_epoch: 1348
Global_epoch: 1349
Global_epoch: 1350
Global_epoch: 1351
Global_epoch: 1352
Global_epoch: 1353
Global_epoch: 1354
Global_epoch: 1355
Global_epoch: 1356
Global_epoch: 1357
Global_epoch: 1358
Global_epoch: 1359
Global_epoch: 1360
Global_epoch: 1361
Global_epoch: 1362
Global_epoch: 1363
Global_epoch: 1364
Global_epoch: 1365
Global_epoch: 1366
Global_epoch: 1367
Global_epoch: 1368
Global_epoch: 1369
Global_epoch: 1370
Global_epoch: 1371
Global_epoch: 1372
Global_epoch: 1373
Global_epoch: 1374
Global_epoch: 1375
Global_epoch: 1376
Global_epoch: 1377
Global_epoch: 1378
Global_epoch: 1379
Global_epoch: 1380
Global_epoch: 1381
Global_epoch: 1382
Global_epoch: 1383
Global_epoch: 1384
Global_epoch: 1385
Global_epoch: 1386
Global_epoch: 1387
Global_epoch: 1388
Global_epoch: 1389
Global_epoch: 1390
Global_epoch: 1391
Global_epoch: 1392
Global_epoch: 1393
Global_epoch: 1394
Global_epoch: 1395
Global_epoch: 1396
Global_epoch: 1397
Global_epoch: 1398
Global_epoch: 1399
Global_epoch: 1400
Global_epoch: 1401
Global_epoch: 1402
Global_epoch: 1403
Global_epoch: 1404
Global_epoch: 1405
Global_epoch: 1406
Global_epoch: 1407
Global_epoch: 1408
Global_epoch: 1409
Global_epoch: 1410
Global_epoch: 1411
Global_epoch: 1412
Global_epoch: 1413
Saved checkpoint: checkpoints/checkpoint_step000160000.pth
Evaluating for 1400 steps
1.1653121789296468
Global_epoch: 1414
Global_epoch: 1415
Global_epoch: 1416
Global_epoch: 1417
Global_epoch: 1418
Global_epoch: 1419
Global_epoch: 1420
Global_epoch: 1421
Global_epoch: 1422
Global_epoch: 1423
Global_epoch: 1424
Global_epoch: 1425
Global_epoch: 1426
Global_epoch: 1427
Global_epoch: 1428
Global_epoch: 1429
Global_epoch: 1430
Global_epoch: 1431
Global_epoch: 1432
Global_epoch: 1433
Global_epoch: 1434
Global_epoch: 1435
Global_epoch: 1436
Global_epoch: 1437
Global_epoch: 1438
Global_epoch: 1439
Global_epoch: 1440
Global_epoch: 1441
Global_epoch: 1442
Global_epoch: 1443
Global_epoch: 1444
Global_epoch: 1445
Global_epoch: 1446
Global_epoch: 1447
Global_epoch: 1448
Global_epoch: 1449
Global_epoch: 1450
Global_epoch: 1451
Global_epoch: 1452
Global_epoch: 1453
Global_epoch: 1454
Global_epoch: 1455
Global_epoch: 1456
Global_epoch: 1457
Global_epoch: 1458
Global_epoch: 1459
Global_epoch: 1460
Global_epoch: 1461
Global_epoch: 1462
Global_epoch: 1463
Global_epoch: 1464
Global_epoch: 1465
Global_epoch: 1466
Global_epoch: 1467
Global_epoch: 1468
Global_epoch: 1469
Global_epoch: 1470
Global_epoch: 1471
Global_epoch: 1472
Global_epoch: 1473
Global_epoch: 1474
Global_epoch: 1475
Global_epoch: 1476
Global_epoch: 1477
Global_epoch: 1478
Global_epoch: 1479
Global_epoch: 1480
Global_epoch: 1481
Global_epoch: 1482
Global_epoch: 1483
Global_epoch: 1484
Global_epoch: 1485
Global_epoch: 1486
Global_epoch: 1487
Global_epoch: 1488
Global_epoch: 1489
Global_epoch: 1490
Global_epoch: 1491
Global_epoch: 1492
Global_epoch: 1493
Global_epoch: 1494
Global_epoch: 1495
Global_epoch: 1496
Global_epoch: 1497
Global_epoch: 1498
Global_epoch: 1499
Global_epoch: 1500
Global_epoch: 1501
Global_epoch: 1502
Saved checkpoint: checkpoints/checkpoint_step000170000.pth
Evaluating for 1400 steps
1.1005716755016086
Global_epoch: 1503
Global_epoch: 1504
Global_epoch: 1505
Global_epoch: 1506
Global_epoch: 1507
Global_epoch: 1508
Global_epoch: 1509
Global_epoch: 1510
Global_epoch: 1511
Global_epoch: 1512
Global_epoch: 1513
Global_epoch: 1514
Global_epoch: 1515
Global_epoch: 1516
Global_epoch: 1517
Global_epoch: 1518
Global_epoch: 1519
Global_epoch: 1520
Global_epoch: 1521
Global_epoch: 1522
Global_epoch: 1523
Global_epoch: 1524
Global_epoch: 1525
Global_epoch: 1526
Global_epoch: 1527
Global_epoch: 1528
Global_epoch: 1529
Global_epoch: 1530
Global_epoch: 1531
Global_epoch: 1532
Global_epoch: 1533
Global_epoch: 1534
Global_epoch: 1535
Global_epoch: 1536
Global_epoch: 1537
Global_epoch: 1538
Global_epoch: 1539
Global_epoch: 1540
Global_epoch: 1541
Global_epoch: 1542
Global_epoch: 1543
Global_epoch: 1544
Global_epoch: 1545
Global_epoch: 1546
Global_epoch: 1547
Global_epoch: 1548
Global_epoch: 1549
Global_epoch: 1550
Global_epoch: 1551
Global_epoch: 1552
Global_epoch: 1553
Global_epoch: 1554
Global_epoch: 1555
Global_epoch: 1556
Global_epoch: 1557
Global_epoch: 1558
Global_epoch: 1559
Global_epoch: 1560
Global_epoch: 1561
Global_epoch: 1562
Global_epoch: 1563
Global_epoch: 1564
Global_epoch: 1565
Global_epoch: 1566
Global_epoch: 1567
Global_epoch: 1568
Global_epoch: 1569
Global_epoch: 1570
Global_epoch: 1571
Global_epoch: 1572
Global_epoch: 1573
Global_epoch: 1574
Global_epoch: 1575
Global_epoch: 1576
Global_epoch: 1577
Global_epoch: 1578
Global_epoch: 1579
Global_epoch: 1580
Global_epoch: 1581
Global_epoch: 1582
Global_epoch: 1583
Global_epoch: 1584
Global_epoch: 1585
Global_epoch: 1586
Global_epoch: 1587
Global_epoch: 1588
Global_epoch: 1589
Global_epoch: 1590
Saved checkpoint: checkpoints/checkpoint_step000180000.pth
Evaluating for 1400 steps
1.271681251997749
Global_epoch: 1591
Global_epoch: 1592
Global_epoch: 1593
Global_epoch: 1594
Global_epoch: 1595
Global_epoch: 1596
Global_epoch: 1597
Global_epoch: 1598
Global_epoch: 1599
Global_epoch: 1600
Global_epoch: 1601
Global_epoch: 1602
Global_epoch: 1603
Global_epoch: 1604
Global_epoch: 1605
Global_epoch: 1606
Global_epoch: 1607
Global_epoch: 1608
Global_epoch: 1609
Global_epoch: 1610
Global_epoch: 1611
Global_epoch: 1612
Global_epoch: 1613
Global_epoch: 1614
Global_epoch: 1615
Global_epoch: 1616
Global_epoch: 1617
Global_epoch: 1618
Global_epoch: 1619
Global_epoch: 1620
Global_epoch: 1621
Global_epoch: 1622
Global_epoch: 1623
Global_epoch: 1624
Global_epoch: 1625
Global_epoch: 1626
Global_epoch: 1627
Global_epoch: 1628
Global_epoch: 1629
Global_epoch: 1630
Global_epoch: 1631
Global_epoch: 1632
Global_epoch: 1633
Global_epoch: 1634
Global_epoch: 1635
Global_epoch: 1636
Global_epoch: 1637
Global_epoch: 1638
Global_epoch: 1639
Global_epoch: 1640
Global_epoch: 1641
Global_epoch: 1642
Global_epoch: 1643
Global_epoch: 1644
Global_epoch: 1645
Global_epoch: 1646
Global_epoch: 1647
Global_epoch: 1648
Global_epoch: 1649
Global_epoch: 1650
Global_epoch: 1651
Global_epoch: 1652
Global_epoch: 1653
Global_epoch: 1654
Global_epoch: 1655
Global_epoch: 1656
Global_epoch: 1657
Global_epoch: 1658
Global_epoch: 1659
Global_epoch: 1660
Global_epoch: 1661
Global_epoch: 1662
Global_epoch: 1663
Global_epoch: 1664
Global_epoch: 1665
Global_epoch: 1666
Global_epoch: 1667
Global_epoch: 1668
Global_epoch: 1669
Global_epoch: 1670
Global_epoch: 1671
Global_epoch: 1672
Global_epoch: 1673
Global_epoch: 1674
Global_epoch: 1675
Global_epoch: 1676
Global_epoch: 1677
Global_epoch: 1678
Global_epoch: 1679
Saved checkpoint: checkpoints/checkpoint_step000190000.pth
Evaluating for 1400 steps
1.6178709348042806
Global_epoch: 1680
Global_epoch: 1681
Global_epoch: 1682
Global_epoch: 1683
Global_epoch: 1684
Global_epoch: 1685
Global_epoch: 1686
Global_epoch: 1687
Global_epoch: 1688
Global_epoch: 1689
Global_epoch: 1690
Global_epoch: 1691
Global_epoch: 1692
Global_epoch: 1693
Global_epoch: 1694
Global_epoch: 1695
Global_epoch: 1696
Global_epoch: 1697
Global_epoch: 1698
Global_epoch: 1699
Global_epoch: 1700
Global_epoch: 1701
Global_epoch: 1702
Global_epoch: 1703
Global_epoch: 1704
Global_epoch: 1705
Global_epoch: 1706
Global_epoch: 1707
Global_epoch: 1708
Global_epoch: 1709
Global_epoch: 1710
Global_epoch: 1711
Global_epoch: 1712
Global_epoch: 1713
Global_epoch: 1714
Global_epoch: 1715
Global_epoch: 1716
Global_epoch: 1717
Global_epoch: 1718
Global_epoch: 1719
Global_epoch: 1720
Global_epoch: 1721
Global_epoch: 1722
Global_epoch: 1723
Global_epoch: 1724
Global_epoch: 1725
Global_epoch: 1726
Global_epoch: 1727
Global_epoch: 1728
Global_epoch: 1729
Global_epoch: 1730
Global_epoch: 1731
Global_epoch: 1732
Global_epoch: 1733
Global_epoch: 1734
Global_epoch: 1735
Global_epoch: 1736
Global_epoch: 1737
Global_epoch: 1738
Global_epoch: 1739
Global_epoch: 1740
Global_epoch: 1741
Global_epoch: 1742
Global_epoch: 1743
Global_epoch: 1744
Global_epoch: 1745
Global_epoch: 1746
Global_epoch: 1747
Global_epoch: 1748
Global_epoch: 1749
Global_epoch: 1750
Global_epoch: 1751
Global_epoch: 1752
Global_epoch: 1753
Global_epoch: 1754
Global_epoch: 1755
Global_epoch: 1756
Global_epoch: 1757
Global_epoch: 1758
Global_epoch: 1759
Global_epoch: 1760
Global_epoch: 1761
Global_epoch: 1762
Global_epoch: 1763
Global_epoch: 1764
Global_epoch: 1765
Global_epoch: 1766
Global_epoch: 1767
Saved checkpoint: checkpoints/checkpoint_step000200000.pth
Evaluating for 1400 steps
1.5304366191228231
Global_epoch: 1768
Global_epoch: 1769
Global_epoch: 1770
Global_epoch: 1771
Global_epoch: 1772
Global_epoch: 1773
Global_epoch: 1774
Global_epoch: 1775
Global_epoch: 1776
Global_epoch: 1777
Global_epoch: 1778
Global_epoch: 1779
Global_epoch: 1780
Global_epoch: 1781
Global_epoch: 1782
Global_epoch: 1783
Global_epoch: 1784
Global_epoch: 1785
Global_epoch: 1786
Global_epoch: 1787
Global_epoch: 1788
Global_epoch: 1789
Global_epoch: 1790
Global_epoch: 1791
Global_epoch: 1792
Global_epoch: 1793
Global_epoch: 1794
Global_epoch: 1795
Global_epoch: 1796
Global_epoch: 1797
Global_epoch: 1798
Global_epoch: 1799
Global_epoch: 1800
Global_epoch: 1801
Global_epoch: 1802
Global_epoch: 1803
Global_epoch: 1804
Global_epoch: 1805
Global_epoch: 1806
Global_epoch: 1807
Global_epoch: 1808
Global_epoch: 1809
Global_epoch: 1810
Global_epoch: 1811
Global_epoch: 1812
Global_epoch: 1813
Global_epoch: 1814
Global_epoch: 1815
Global_epoch: 1816
Global_epoch: 1817
Global_epoch: 1818
Global_epoch: 1819
Global_epoch: 1820
Global_epoch: 1821
Global_epoch: 1822
Global_epoch: 1823
Global_epoch: 1824
Global_epoch: 1825
Global_epoch: 1826
Global_epoch: 1827
Global_epoch: 1828
Global_epoch: 1829
Global_epoch: 1830
Global_epoch: 1831
Global_epoch: 1832
Global_epoch: 1833
Global_epoch: 1834
Global_epoch: 1835
Global_epoch: 1836
Global_epoch: 1837
Global_epoch: 1838
Global_epoch: 1839
Global_epoch: 1840
Global_epoch: 1841
Global_epoch: 1842
Global_epoch: 1843
Global_epoch: 1844
Global_epoch: 1845
Global_epoch: 1846
Global_epoch: 1847
Global_epoch: 1848
Global_epoch: 1849
Global_epoch: 1850
Global_epoch: 1851
Global_epoch: 1852
Global_epoch: 1853
Global_epoch: 1854
Global_epoch: 1855
Global_epoch: 1856
Saved checkpoint: checkpoints/checkpoint_step000210000.pth
Evaluating for 1400 steps
1.6420928637186687
Global_epoch: 1857
Global_epoch: 1858
Global_epoch: 1859
Global_epoch: 1860
Global_epoch: 1861
Global_epoch: 1862
Global_epoch: 1863
Global_epoch: 1864
Global_epoch: 1865
Global_epoch: 1866
Global_epoch: 1867
Global_epoch: 1868
Global_epoch: 1869
Global_epoch: 1870
Global_epoch: 1871
Global_epoch: 1872
Global_epoch: 1873
Global_epoch: 1874
Global_epoch: 1875
Global_epoch: 1876
Global_epoch: 1877
Global_epoch: 1878
Global_epoch: 1879
Global_epoch: 1880
Global_epoch: 1881
Global_epoch: 1882
Global_epoch: 1883
Global_epoch: 1884
Global_epoch: 1885
Global_epoch: 1886
Global_epoch: 1887
Global_epoch: 1888
Global_epoch: 1889
Global_epoch: 1890
Global_epoch: 1891
Global_epoch: 1892
Global_epoch: 1893
Global_epoch: 1894
Global_epoch: 1895
Global_epoch: 1896
Global_epoch: 1897
Global_epoch: 1898
Global_epoch: 1899
Global_epoch: 1900
Global_epoch: 1901
Global_epoch: 1902
Global_epoch: 1903
Global_epoch: 1904
Global_epoch: 1905
Global_epoch: 1906
Global_epoch: 1907
Global_epoch: 1908
Global_epoch: 1909
Global_epoch: 1910
Global_epoch: 1911
Global_epoch: 1912
Global_epoch: 1913
Global_epoch: 1914
Global_epoch: 1915
Global_epoch: 1916
Global_epoch: 1917
Global_epoch: 1918
Global_epoch: 1919
Global_epoch: 1920
Global_epoch: 1921
Global_epoch: 1922
Global_epoch: 1923
Global_epoch: 1924
Global_epoch: 1925
Global_epoch: 1926
Global_epoch: 1927
Global_epoch: 1928
Global_epoch: 1929
Global_epoch: 1930
Global_epoch: 1931
Global_epoch: 1932
Global_epoch: 1933
Global_epoch: 1934
Global_epoch: 1935
Global_epoch: 1936
Global_epoch: 1937
Global_epoch: 1938
Global_epoch: 1939
Global_epoch: 1940
Global_epoch: 1941
Global_epoch: 1942
Global_epoch: 1943
Global_epoch: 1944
Saved checkpoint: checkpoints/checkpoint_step000220000.pth
Evaluating for 1400 steps
1.396645263644556
Global_epoch: 1945
Global_epoch: 1946
Global_epoch: 1947
Global_epoch: 1948
Global_epoch: 1949
Global_epoch: 1950
Global_epoch: 1951
Global_epoch: 1952
Global_epoch: 1953
Global_epoch: 1954
Global_epoch: 1955
Global_epoch: 1956
Global_epoch: 1957
Global_epoch: 1958
Global_epoch: 1959
Global_epoch: 1960
Global_epoch: 1961
Global_epoch: 1962
Global_epoch: 1963
Global_epoch: 1964
Global_epoch: 1965
Global_epoch: 1966
Global_epoch: 1967
Global_epoch: 1968
Global_epoch: 1969
Global_epoch: 1970
Global_epoch: 1971
Global_epoch: 1972
Global_epoch: 1973
Global_epoch: 1974
Global_epoch: 1975
Global_epoch: 1976
Global_epoch: 1977
Global_epoch: 1978
Global_epoch: 1979
Global_epoch: 1980
Global_epoch: 1981
Global_epoch: 1982
Global_epoch: 1983
Global_epoch: 1984
Global_epoch: 1985
Global_epoch: 1986
Global_epoch: 1987
Global_epoch: 1988
Global_epoch: 1989
Global_epoch: 1990
Global_epoch: 1991
Global_epoch: 1992
Global_epoch: 1993
Global_epoch: 1994
Global_epoch: 1995
Global_epoch: 1996
Global_epoch: 1997
Global_epoch: 1998
Global_epoch: 1999
Global_epoch: 2000
Global_epoch: 2001
Global_epoch: 2002
Global_epoch: 2003
Global_epoch: 2004
Global_epoch: 2005
Global_epoch: 2006
Global_epoch: 2007
Global_epoch: 2008
Global_epoch: 2009
Global_epoch: 2010
Global_epoch: 2011
Global_epoch: 2012
Global_epoch: 2013
Global_epoch: 2014
Global_epoch: 2015
Global_epoch: 2016
Global_epoch: 2017
Global_epoch: 2018
Global_epoch: 2019
Global_epoch: 2020
Global_epoch: 2021
Global_epoch: 2022
Global_epoch: 2023
Global_epoch: 2024
Global_epoch: 2025
Global_epoch: 2026
Global_epoch: 2027
Global_epoch: 2028
Global_epoch: 2029
Global_epoch: 2030
Global_epoch: 2031
Global_epoch: 2032
Global_epoch: 2033
Saved checkpoint: checkpoints/checkpoint_step000230000.pth
Evaluating for 1400 steps
1.7290329246471325
Global_epoch: 2034
Global_epoch: 2035
Global_epoch: 2036
Global_epoch: 2037
