use_cuda: True
total trainable params 16435072
Loading checkpoint path
Load checkpoint from: checkpoints/checkpoint_step000230000.pth
Load optimizer state from checkpoints/checkpoint_step000230000.pth
Begining Training
Global_epoch: 2034
Global_epoch: 2035
Global_epoch: 2036
Global_epoch: 2037
Global_epoch: 2038
Global_epoch: 2039
Global_epoch: 2040
Global_epoch: 2041
Global_epoch: 2042
Global_epoch: 2043
Global_epoch: 2044
Global_epoch: 2045
Global_epoch: 2046
Global_epoch: 2047
Global_epoch: 2048
Global_epoch: 2049
Global_epoch: 2050
Global_epoch: 2051
Global_epoch: 2052
Global_epoch: 2053
Global_epoch: 2054
Global_epoch: 2055
Global_epoch: 2056
Global_epoch: 2057
Global_epoch: 2058
Global_epoch: 2059
Global_epoch: 2060
Global_epoch: 2061
Global_epoch: 2062
Global_epoch: 2063
Global_epoch: 2064
Global_epoch: 2065
Global_epoch: 2066
Global_epoch: 2067
Global_epoch: 2068
Global_epoch: 2069
Global_epoch: 2070
Global_epoch: 2071
Global_epoch: 2072
Global_epoch: 2073
Global_epoch: 2074
Global_epoch: 2075
Global_epoch: 2076
Global_epoch: 2077
Global_epoch: 2078
Global_epoch: 2079
Global_epoch: 2080
Global_epoch: 2081
Global_epoch: 2082
Global_epoch: 2083
Global_epoch: 2084
Global_epoch: 2085
Global_epoch: 2086
Global_epoch: 2087
Global_epoch: 2088
Global_epoch: 2089
Global_epoch: 2090
Global_epoch: 2091
Global_epoch: 2092
Global_epoch: 2093
Global_epoch: 2094
Global_epoch: 2095
Global_epoch: 2096
Global_epoch: 2097
Global_epoch: 2098
Global_epoch: 2099
Global_epoch: 2100
Global_epoch: 2101
Global_epoch: 2102
Global_epoch: 2103
Global_epoch: 2104
Global_epoch: 2105
Global_epoch: 2106
Global_epoch: 2107
Global_epoch: 2108
Global_epoch: 2109
Global_epoch: 2110
Global_epoch: 2111
Global_epoch: 2112
Global_epoch: 2113
Global_epoch: 2114
Global_epoch: 2115
Global_epoch: 2116
Global_epoch: 2117
Global_epoch: 2118
Global_epoch: 2119
Global_epoch: 2120
Global_epoch: 2121
Saved checkpoint: checkpoints/checkpoint_step000240000.pth
Evaluating for 1400 steps
1.5901855866114298
Global_epoch: 2122
Global_epoch: 2123
Global_epoch: 2124
Global_epoch: 2125
Global_epoch: 2126
Global_epoch: 2127
Global_epoch: 2128
Global_epoch: 2129
Global_epoch: 2130
Global_epoch: 2131
Global_epoch: 2132
Global_epoch: 2133
Global_epoch: 2134
Global_epoch: 2135
Global_epoch: 2136
Global_epoch: 2137
Global_epoch: 2138
Global_epoch: 2139
Global_epoch: 2140
Global_epoch: 2141
Global_epoch: 2142
Global_epoch: 2143
Global_epoch: 2144
Global_epoch: 2145
Global_epoch: 2146
Global_epoch: 2147
Global_epoch: 2148
Global_epoch: 2149
Global_epoch: 2150
Global_epoch: 2151
Global_epoch: 2152
Global_epoch: 2153
Global_epoch: 2154
Global_epoch: 2155
Global_epoch: 2156
Global_epoch: 2157
Global_epoch: 2158
Global_epoch: 2159
Global_epoch: 2160
Global_epoch: 2161
Global_epoch: 2162
Global_epoch: 2163
Global_epoch: 2164
Global_epoch: 2165
Global_epoch: 2166
Global_epoch: 2167
Global_epoch: 2168
Global_epoch: 2169
Global_epoch: 2170
Global_epoch: 2171
Global_epoch: 2172
Global_epoch: 2173
Global_epoch: 2174
Global_epoch: 2175
Global_epoch: 2176
Global_epoch: 2177
Global_epoch: 2178
Global_epoch: 2179
Global_epoch: 2180
Global_epoch: 2181
Global_epoch: 2182
Global_epoch: 2183
Global_epoch: 2184
Global_epoch: 2185
Global_epoch: 2186
Global_epoch: 2187
Global_epoch: 2188
Global_epoch: 2189
Global_epoch: 2190
Global_epoch: 2191
Global_epoch: 2192
Global_epoch: 2193
Global_epoch: 2194
Global_epoch: 2195
Global_epoch: 2196
Global_epoch: 2197
Global_epoch: 2198
Global_epoch: 2199
Global_epoch: 2200
Global_epoch: 2201
Global_epoch: 2202
Global_epoch: 2203
Global_epoch: 2204
Global_epoch: 2205
Global_epoch: 2206
Global_epoch: 2207
Global_epoch: 2208
Global_epoch: 2209
Saved checkpoint: checkpoints/checkpoint_step000250000.pth
Evaluating for 1400 steps
1.5885306000709534
Global_epoch: 2210
Global_epoch: 2211
Global_epoch: 2212
Global_epoch: 2213
Global_epoch: 2214
Global_epoch: 2215
Global_epoch: 2216
Global_epoch: 2217
Global_epoch: 2218
Global_epoch: 2219
Global_epoch: 2220
Global_epoch: 2221
Global_epoch: 2222
Global_epoch: 2223
Global_epoch: 2224
Global_epoch: 2225
Global_epoch: 2226
Global_epoch: 2227
Global_epoch: 2228
Global_epoch: 2229
Global_epoch: 2230
Global_epoch: 2231
Global_epoch: 2232
Global_epoch: 2233
Global_epoch: 2234
Global_epoch: 2235
Global_epoch: 2236
Global_epoch: 2237
Global_epoch: 2238
Global_epoch: 2239
Global_epoch: 2240
Global_epoch: 2241
Global_epoch: 2242
Global_epoch: 2243
Global_epoch: 2244
Global_epoch: 2245
Global_epoch: 2246
Global_epoch: 2247
Global_epoch: 2248
Global_epoch: 2249
Global_epoch: 2250
Global_epoch: 2251
Global_epoch: 2252
Global_epoch: 2253
Global_epoch: 2254
Global_epoch: 2255
Global_epoch: 2256
Global_epoch: 2257
Global_epoch: 2258
Global_epoch: 2259
Global_epoch: 2260
Global_epoch: 2261
Global_epoch: 2262
Global_epoch: 2263
Global_epoch: 2264
Global_epoch: 2265
Global_epoch: 2266
Global_epoch: 2267
Global_epoch: 2268
Global_epoch: 2269
Global_epoch: 2270
Global_epoch: 2271
Global_epoch: 2272
Global_epoch: 2273
Global_epoch: 2274
Global_epoch: 2275
Global_epoch: 2276
Global_epoch: 2277
Global_epoch: 2278
Global_epoch: 2279
Global_epoch: 2280
Global_epoch: 2281
Global_epoch: 2282
Global_epoch: 2283
Global_epoch: 2284
Global_epoch: 2285
Global_epoch: 2286
Global_epoch: 2287
Global_epoch: 2288
Global_epoch: 2289
Global_epoch: 2290
Global_epoch: 2291
Global_epoch: 2292
Global_epoch: 2293
Global_epoch: 2294
Global_epoch: 2295
Global_epoch: 2296
Global_epoch: 2297
Global_epoch: 2298
Saved checkpoint: checkpoints/checkpoint_step000260000.pth
Evaluating for 1400 steps
1.56611856619517
Global_epoch: 2299
Global_epoch: 2300
Global_epoch: 2301
Global_epoch: 2302
Global_epoch: 2303
Global_epoch: 2304
Global_epoch: 2305
Global_epoch: 2306
Global_epoch: 2307
Global_epoch: 2308
Global_epoch: 2309
Global_epoch: 2310
Global_epoch: 2311
Global_epoch: 2312
Global_epoch: 2313
Global_epoch: 2314
Global_epoch: 2315
Global_epoch: 2316
Global_epoch: 2317
Global_epoch: 2318
Global_epoch: 2319
Global_epoch: 2320
Global_epoch: 2321
Global_epoch: 2322
Global_epoch: 2323
Global_epoch: 2324
Global_epoch: 2325
Global_epoch: 2326
Global_epoch: 2327
Global_epoch: 2328
Global_epoch: 2329
Global_epoch: 2330
Global_epoch: 2331
Global_epoch: 2332
Global_epoch: 2333
Global_epoch: 2334
Global_epoch: 2335
Global_epoch: 2336
Global_epoch: 2337
Global_epoch: 2338
Global_epoch: 2339
Global_epoch: 2340
Global_epoch: 2341
Global_epoch: 2342
Global_epoch: 2343
Global_epoch: 2344
Global_epoch: 2345
Global_epoch: 2346
Global_epoch: 2347
Global_epoch: 2348
Global_epoch: 2349
Global_epoch: 2350
Global_epoch: 2351
Global_epoch: 2352
Global_epoch: 2353
Global_epoch: 2354
Global_epoch: 2355
Global_epoch: 2356
Global_epoch: 2357
Global_epoch: 2358
Global_epoch: 2359
Global_epoch: 2360
Global_epoch: 2361
Global_epoch: 2362
Global_epoch: 2363
Global_epoch: 2364
Global_epoch: 2365
Global_epoch: 2366
Global_epoch: 2367
Global_epoch: 2368
Global_epoch: 2369
Global_epoch: 2370
Global_epoch: 2371
Global_epoch: 2372
Global_epoch: 2373
Global_epoch: 2374
Global_epoch: 2375
Global_epoch: 2376
Global_epoch: 2377
Global_epoch: 2378
Global_epoch: 2379
Global_epoch: 2380
Global_epoch: 2381
Global_epoch: 2382
Global_epoch: 2383
Global_epoch: 2384
Global_epoch: 2385
Global_epoch: 2386
Saved checkpoint: checkpoints/checkpoint_step000270000.pth
Evaluating for 1400 steps
1.7421496351559957
Global_epoch: 2387
Global_epoch: 2388
Global_epoch: 2389
Global_epoch: 2390
Global_epoch: 2391
Global_epoch: 2392
Global_epoch: 2393
Global_epoch: 2394
Global_epoch: 2395
Global_epoch: 2396
Global_epoch: 2397
Global_epoch: 2398
Global_epoch: 2399
Global_epoch: 2400
Global_epoch: 2401
Global_epoch: 2402
Global_epoch: 2403
Global_epoch: 2404
Global_epoch: 2405
Global_epoch: 2406
Global_epoch: 2407
Global_epoch: 2408
Global_epoch: 2409
Global_epoch: 2410
Global_epoch: 2411
Global_epoch: 2412
Global_epoch: 2413
Global_epoch: 2414
Global_epoch: 2415
Global_epoch: 2416
Global_epoch: 2417
Global_epoch: 2418
Global_epoch: 2419
Global_epoch: 2420
Global_epoch: 2421
Global_epoch: 2422
Global_epoch: 2423
Global_epoch: 2424
Global_epoch: 2425
Global_epoch: 2426
Global_epoch: 2427
Global_epoch: 2428
Global_epoch: 2429
Global_epoch: 2430
Global_epoch: 2431
Global_epoch: 2432
Global_epoch: 2433
Global_epoch: 2434
Global_epoch: 2435
Global_epoch: 2436
Global_epoch: 2437
Global_epoch: 2438
Global_epoch: 2439
Global_epoch: 2440
Global_epoch: 2441
Global_epoch: 2442
Global_epoch: 2443
Global_epoch: 2444
Global_epoch: 2445
Global_epoch: 2446
Global_epoch: 2447
Global_epoch: 2448
Global_epoch: 2449
Global_epoch: 2450
Global_epoch: 2451
Global_epoch: 2452
Global_epoch: 2453
Global_epoch: 2454
Global_epoch: 2455
Global_epoch: 2456
Global_epoch: 2457
Global_epoch: 2458
Global_epoch: 2459
Global_epoch: 2460
Global_epoch: 2461
Global_epoch: 2462
Global_epoch: 2463
Global_epoch: 2464
Global_epoch: 2465
Global_epoch: 2466
Global_epoch: 2467
Global_epoch: 2468
Global_epoch: 2469
Global_epoch: 2470
Global_epoch: 2471
Global_epoch: 2472
Global_epoch: 2473
Global_epoch: 2474
Global_epoch: 2475
Saved checkpoint: checkpoints/checkpoint_step000280000.pth
Evaluating for 1400 steps
2.3502981662750244
Global_epoch: 2476
Global_epoch: 2477
Global_epoch: 2478
Global_epoch: 2479
Global_epoch: 2480
Global_epoch: 2481
Global_epoch: 2482
Global_epoch: 2483
Global_epoch: 2484
Global_epoch: 2485
Global_epoch: 2486
Global_epoch: 2487
Global_epoch: 2488
Global_epoch: 2489
Global_epoch: 2490
Global_epoch: 2491
Global_epoch: 2492
Global_epoch: 2493
Global_epoch: 2494
Global_epoch: 2495
Global_epoch: 2496
Global_epoch: 2497
Global_epoch: 2498
Global_epoch: 2499
Global_epoch: 2500
Global_epoch: 2501
Global_epoch: 2502
Global_epoch: 2503
Global_epoch: 2504
Global_epoch: 2505
Global_epoch: 2506
Global_epoch: 2507
Global_epoch: 2508
Global_epoch: 2509
Global_epoch: 2510
Global_epoch: 2511
Global_epoch: 2512
Global_epoch: 2513
Global_epoch: 2514
Global_epoch: 2515
Global_epoch: 2516
Global_epoch: 2517
Global_epoch: 2518
Global_epoch: 2519
Global_epoch: 2520
Global_epoch: 2521
Global_epoch: 2522
Global_epoch: 2523
Global_epoch: 2524
Global_epoch: 2525
Global_epoch: 2526
Global_epoch: 2527
Global_epoch: 2528
Global_epoch: 2529
Global_epoch: 2530
Global_epoch: 2531
Global_epoch: 2532
Global_epoch: 2533
Global_epoch: 2534
Global_epoch: 2535
Global_epoch: 2536
Global_epoch: 2537
Global_epoch: 2538
Global_epoch: 2539
Global_epoch: 2540
Global_epoch: 2541
Global_epoch: 2542
Global_epoch: 2543
Global_epoch: 2544
Global_epoch: 2545
Global_epoch: 2546
Global_epoch: 2547
Global_epoch: 2548
Global_epoch: 2549
Global_epoch: 2550
Global_epoch: 2551
Global_epoch: 2552
Global_epoch: 2553
Global_epoch: 2554
Global_epoch: 2555
Global_epoch: 2556
Global_epoch: 2557
Global_epoch: 2558
Global_epoch: 2559
Global_epoch: 2560
Global_epoch: 2561
Global_epoch: 2562
Global_epoch: 2563
Saved checkpoint: checkpoints/checkpoint_step000290000.pth
Evaluating for 1400 steps
1.9488291104634603
Global_epoch: 2564
Global_epoch: 2565
Global_epoch: 2566
Global_epoch: 2567
Global_epoch: 2568
Global_epoch: 2569
Global_epoch: 2570
Global_epoch: 2571
Global_epoch: 2572
Global_epoch: 2573
Global_epoch: 2574
Global_epoch: 2575
Global_epoch: 2576
Global_epoch: 2577
Global_epoch: 2578
Global_epoch: 2579
Global_epoch: 2580
Global_epoch: 2581
Global_epoch: 2582
Global_epoch: 2583
Global_epoch: 2584
Global_epoch: 2585
Global_epoch: 2586
Global_epoch: 2587
Global_epoch: 2588
Global_epoch: 2589
Global_epoch: 2590
Global_epoch: 2591
Global_epoch: 2592
Global_epoch: 2593
Global_epoch: 2594
Global_epoch: 2595
Global_epoch: 2596
Global_epoch: 2597
Global_epoch: 2598
Global_epoch: 2599
Global_epoch: 2600
Global_epoch: 2601
Global_epoch: 2602
Global_epoch: 2603
Global_epoch: 2604
Global_epoch: 2605
Global_epoch: 2606
Global_epoch: 2607
Global_epoch: 2608
Global_epoch: 2609
Global_epoch: 2610
Global_epoch: 2611
Global_epoch: 2612
Global_epoch: 2613
Global_epoch: 2614
Global_epoch: 2615
Global_epoch: 2616
Global_epoch: 2617
Global_epoch: 2618
Global_epoch: 2619
Global_epoch: 2620
Global_epoch: 2621
Global_epoch: 2622
Global_epoch: 2623
Global_epoch: 2624
Global_epoch: 2625
Global_epoch: 2626
Global_epoch: 2627
Global_epoch: 2628
Global_epoch: 2629
Global_epoch: 2630
Global_epoch: 2631
Global_epoch: 2632
Global_epoch: 2633
Global_epoch: 2634
Global_epoch: 2635
Global_epoch: 2636
Global_epoch: 2637
Global_epoch: 2638
Global_epoch: 2639
Global_epoch: 2640
Global_epoch: 2641
Global_epoch: 2642
Global_epoch: 2643
Global_epoch: 2644
Global_epoch: 2645
Global_epoch: 2646
Global_epoch: 2647
Global_epoch: 2648
Global_epoch: 2649
Global_epoch: 2650
Global_epoch: 2651
Global_epoch: 2652
Saved checkpoint: checkpoints/checkpoint_step000300000.pth
Evaluating for 1400 steps
2.2714008967081707
Global_epoch: 2653
Global_epoch: 2654
Global_epoch: 2655
Global_epoch: 2656
Global_epoch: 2657
Global_epoch: 2658
Global_epoch: 2659
Global_epoch: 2660
Global_epoch: 2661
Global_epoch: 2662
Global_epoch: 2663
Global_epoch: 2664
Global_epoch: 2665
Global_epoch: 2666
Global_epoch: 2667
Global_epoch: 2668
Global_epoch: 2669
Global_epoch: 2670
Global_epoch: 2671
Global_epoch: 2672
Global_epoch: 2673
Global_epoch: 2674
Global_epoch: 2675
Global_epoch: 2676
Global_epoch: 2677
Global_epoch: 2678
Global_epoch: 2679
Global_epoch: 2680
Global_epoch: 2681
Global_epoch: 2682
Global_epoch: 2683
Global_epoch: 2684
Global_epoch: 2685
Global_epoch: 2686
Global_epoch: 2687
Global_epoch: 2688
Global_epoch: 2689
Global_epoch: 2690
Global_epoch: 2691
Global_epoch: 2692
Global_epoch: 2693
Global_epoch: 2694
Global_epoch: 2695
Global_epoch: 2696
Global_epoch: 2697
Global_epoch: 2698
Global_epoch: 2699
Global_epoch: 2700
Global_epoch: 2701
Global_epoch: 2702
Global_epoch: 2703
Global_epoch: 2704
Global_epoch: 2705
Global_epoch: 2706
Global_epoch: 2707
Global_epoch: 2708
Global_epoch: 2709
Global_epoch: 2710
Global_epoch: 2711
Global_epoch: 2712
Global_epoch: 2713
Global_epoch: 2714
Global_epoch: 2715
Global_epoch: 2716
Global_epoch: 2717
Global_epoch: 2718
Global_epoch: 2719
Global_epoch: 2720
Global_epoch: 2721
Global_epoch: 2722
Global_epoch: 2723
Global_epoch: 2724
Global_epoch: 2725
Global_epoch: 2726
Global_epoch: 2727
Global_epoch: 2728
Global_epoch: 2729
Global_epoch: 2730
Global_epoch: 2731
Global_epoch: 2732
Global_epoch: 2733
Global_epoch: 2734
Global_epoch: 2735
Global_epoch: 2736
Global_epoch: 2737
Global_epoch: 2738
Global_epoch: 2739
Global_epoch: 2740
Saved checkpoint: checkpoints/checkpoint_step000310000.pth
Evaluating for 1400 steps
2.667054454485575
Global_epoch: 2741
Global_epoch: 2742
Global_epoch: 2743
Global_epoch: 2744
Global_epoch: 2745
Global_epoch: 2746
Global_epoch: 2747
Global_epoch: 2748
Global_epoch: 2749
Global_epoch: 2750
Global_epoch: 2751
Global_epoch: 2752
Global_epoch: 2753
Global_epoch: 2754
Global_epoch: 2755
Global_epoch: 2756
Global_epoch: 2757
Global_epoch: 2758
Global_epoch: 2759
Global_epoch: 2760
Global_epoch: 2761
Global_epoch: 2762
Global_epoch: 2763
Global_epoch: 2764
Global_epoch: 2765
Global_epoch: 2766
Global_epoch: 2767
Global_epoch: 2768
Global_epoch: 2769
Global_epoch: 2770
Global_epoch: 2771
Global_epoch: 2772
Global_epoch: 2773
Global_epoch: 2774
Global_epoch: 2775
Global_epoch: 2776
Global_epoch: 2777
Global_epoch: 2778
Global_epoch: 2779
Global_epoch: 2780
Global_epoch: 2781
Global_epoch: 2782
Global_epoch: 2783
Global_epoch: 2784
Global_epoch: 2785
Global_epoch: 2786
Global_epoch: 2787
Global_epoch: 2788
Global_epoch: 2789
Global_epoch: 2790
Global_epoch: 2791
Global_epoch: 2792
Global_epoch: 2793
Global_epoch: 2794
Global_epoch: 2795
Global_epoch: 2796
Global_epoch: 2797
Global_epoch: 2798
Global_epoch: 2799
Global_epoch: 2800
Global_epoch: 2801
Global_epoch: 2802
Global_epoch: 2803
Global_epoch: 2804
Global_epoch: 2805
Global_epoch: 2806
Global_epoch: 2807
Global_epoch: 2808
Global_epoch: 2809
Global_epoch: 2810
Global_epoch: 2811
Global_epoch: 2812
Global_epoch: 2813
Global_epoch: 2814
Global_epoch: 2815
Global_epoch: 2816
Global_epoch: 2817
Global_epoch: 2818
Global_epoch: 2819
Global_epoch: 2820
Global_epoch: 2821
Global_epoch: 2822
Global_epoch: 2823
Global_epoch: 2824
Global_epoch: 2825
Global_epoch: 2826
Global_epoch: 2827
Global_epoch: 2828
Global_epoch: 2829
Saved checkpoint: checkpoints/checkpoint_step000320000.pth
Evaluating for 1400 steps
2.285588465134303
Global_epoch: 2830
Global_epoch: 2831
Global_epoch: 2832
Global_epoch: 2833
Global_epoch: 2834
Global_epoch: 2835
Global_epoch: 2836
Global_epoch: 2837
Global_epoch: 2838
Global_epoch: 2839
Global_epoch: 2840
Global_epoch: 2841
Global_epoch: 2842
Global_epoch: 2843
Global_epoch: 2844
Global_epoch: 2845
Global_epoch: 2846
Global_epoch: 2847
Global_epoch: 2848
Global_epoch: 2849
Global_epoch: 2850
Global_epoch: 2851
Global_epoch: 2852
Global_epoch: 2853
Global_epoch: 2854
Global_epoch: 2855
Global_epoch: 2856
Global_epoch: 2857
Global_epoch: 2858
Global_epoch: 2859
Global_epoch: 2860
Global_epoch: 2861
Global_epoch: 2862
Global_epoch: 2863
Global_epoch: 2864
Global_epoch: 2865
Global_epoch: 2866
Global_epoch: 2867
Global_epoch: 2868
Global_epoch: 2869
Global_epoch: 2870
Global_epoch: 2871
Global_epoch: 2872
Global_epoch: 2873
Global_epoch: 2874
Global_epoch: 2875
Global_epoch: 2876
Global_epoch: 2877
Global_epoch: 2878
Global_epoch: 2879
Global_epoch: 2880
Global_epoch: 2881
Global_epoch: 2882
Global_epoch: 2883
Global_epoch: 2884
Global_epoch: 2885
Global_epoch: 2886
Global_epoch: 2887
Global_epoch: 2888
Global_epoch: 2889
Global_epoch: 2890
Global_epoch: 2891
Global_epoch: 2892
Global_epoch: 2893
Global_epoch: 2894
Global_epoch: 2895
Global_epoch: 2896
Global_epoch: 2897
Global_epoch: 2898
Global_epoch: 2899
Global_epoch: 2900
Global_epoch: 2901
Global_epoch: 2902
Global_epoch: 2903
Global_epoch: 2904
Global_epoch: 2905
Global_epoch: 2906
Global_epoch: 2907
Global_epoch: 2908
Global_epoch: 2909
Global_epoch: 2910
Global_epoch: 2911
Global_epoch: 2912
Global_epoch: 2913
Global_epoch: 2914
Global_epoch: 2915
Global_epoch: 2916
Global_epoch: 2917
Saved checkpoint: checkpoints/checkpoint_step000330000.pth
Evaluating for 1400 steps
2.0844391504923503
Global_epoch: 2918
Global_epoch: 2919
Global_epoch: 2920
Global_epoch: 2921
Global_epoch: 2922
Global_epoch: 2923
Global_epoch: 2924
Global_epoch: 2925
Global_epoch: 2926
Global_epoch: 2927
Global_epoch: 2928
Global_epoch: 2929
Global_epoch: 2930
Global_epoch: 2931
Global_epoch: 2932
Global_epoch: 2933
Global_epoch: 2934
Global_epoch: 2935
Global_epoch: 2936
Global_epoch: 2937
Global_epoch: 2938
Global_epoch: 2939
Global_epoch: 2940
Global_epoch: 2941
Global_epoch: 2942
Global_epoch: 2943
Global_epoch: 2944
Global_epoch: 2945
Global_epoch: 2946
Global_epoch: 2947
Global_epoch: 2948
Global_epoch: 2949
Global_epoch: 2950
Global_epoch: 2951
Global_epoch: 2952
Global_epoch: 2953
Global_epoch: 2954
Global_epoch: 2955
Global_epoch: 2956
Global_epoch: 2957
Global_epoch: 2958
Global_epoch: 2959
Global_epoch: 2960
Global_epoch: 2961
Global_epoch: 2962
Global_epoch: 2963
Global_epoch: 2964
Global_epoch: 2965
Global_epoch: 2966
Global_epoch: 2967
Global_epoch: 2968
Global_epoch: 2969
Global_epoch: 2970
Global_epoch: 2971
Global_epoch: 2972
Global_epoch: 2973
Global_epoch: 2974
Global_epoch: 2975
Global_epoch: 2976
Global_epoch: 2977
Global_epoch: 2978
Global_epoch: 2979
Global_epoch: 2980
Global_epoch: 2981
Global_epoch: 2982
Global_epoch: 2983
Global_epoch: 2984
Global_epoch: 2985
Global_epoch: 2986
Global_epoch: 2987
Global_epoch: 2988
Global_epoch: 2989
Global_epoch: 2990
Global_epoch: 2991
Global_epoch: 2992
Global_epoch: 2993
Global_epoch: 2994
Global_epoch: 2995
Global_epoch: 2996
Global_epoch: 2997
Global_epoch: 2998
Global_epoch: 2999
Global_epoch: 3000
Global_epoch: 3001
Global_epoch: 3002
Global_epoch: 3003
Global_epoch: 3004
Global_epoch: 3005
Global_epoch: 3006
Saved checkpoint: checkpoints/checkpoint_step000340000.pth
Evaluating for 1400 steps
2.608865009993315
Global_epoch: 3007
Global_epoch: 3008
Global_epoch: 3009
Global_epoch: 3010
Global_epoch: 3011
Global_epoch: 3012
Global_epoch: 3013
Global_epoch: 3014
Global_epoch: 3015
Global_epoch: 3016
Global_epoch: 3017
Global_epoch: 3018
Global_epoch: 3019
Global_epoch: 3020
Global_epoch: 3021
Global_epoch: 3022
Global_epoch: 3023
Global_epoch: 3024
Global_epoch: 3025
Global_epoch: 3026
Global_epoch: 3027
Global_epoch: 3028
Global_epoch: 3029
Global_epoch: 3030
Global_epoch: 3031
Global_epoch: 3032
Global_epoch: 3033
Global_epoch: 3034
Global_epoch: 3035
Global_epoch: 3036
Global_epoch: 3037
Global_epoch: 3038
Global_epoch: 3039
Global_epoch: 3040
Global_epoch: 3041
Global_epoch: 3042
Global_epoch: 3043
Global_epoch: 3044
Global_epoch: 3045
Global_epoch: 3046
Global_epoch: 3047
Global_epoch: 3048
Global_epoch: 3049
Global_epoch: 3050
Global_epoch: 3051
Global_epoch: 3052
Global_epoch: 3053
Global_epoch: 3054
Global_epoch: 3055
Global_epoch: 3056
Global_epoch: 3057
Global_epoch: 3058
Global_epoch: 3059
Global_epoch: 3060
Global_epoch: 3061
Global_epoch: 3062
Global_epoch: 3063
Global_epoch: 3064
Global_epoch: 3065
Global_epoch: 3066
Global_epoch: 3067
Global_epoch: 3068
Global_epoch: 3069
Global_epoch: 3070
Global_epoch: 3071
Global_epoch: 3072
Global_epoch: 3073
Global_epoch: 3074
Global_epoch: 3075
Global_epoch: 3076
Global_epoch: 3077
Global_epoch: 3078
Global_epoch: 3079
Global_epoch: 3080
Global_epoch: 3081
Global_epoch: 3082
Global_epoch: 3083
Global_epoch: 3084
Global_epoch: 3085
Global_epoch: 3086
Global_epoch: 3087
Global_epoch: 3088
Global_epoch: 3089
Global_epoch: 3090
Global_epoch: 3091
Global_epoch: 3092
Global_epoch: 3093
Global_epoch: 3094
Saved checkpoint: checkpoints/checkpoint_step000350000.pth
Evaluating for 1400 steps
2.292033314704895
Global_epoch: 3095
Global_epoch: 3096
Global_epoch: 3097
Global_epoch: 3098
Global_epoch: 3099
Global_epoch: 3100
Global_epoch: 3101
Global_epoch: 3102
Global_epoch: 3103
Global_epoch: 3104
Global_epoch: 3105
Global_epoch: 3106
Global_epoch: 3107
Global_epoch: 3108
Global_epoch: 3109
Global_epoch: 3110
Global_epoch: 3111
Global_epoch: 3112
Global_epoch: 3113
Global_epoch: 3114
Global_epoch: 3115
Global_epoch: 3116
Global_epoch: 3117
Global_epoch: 3118
Global_epoch: 3119
Global_epoch: 3120
Global_epoch: 3121
Global_epoch: 3122
Global_epoch: 3123
Global_epoch: 3124
Global_epoch: 3125
Global_epoch: 3126
Global_epoch: 3127
Global_epoch: 3128
Global_epoch: 3129
Global_epoch: 3130
Global_epoch: 3131
Global_epoch: 3132
Global_epoch: 3133
Global_epoch: 3134
Global_epoch: 3135
Global_epoch: 3136
Global_epoch: 3137
Global_epoch: 3138
Global_epoch: 3139
Global_epoch: 3140
Global_epoch: 3141
Global_epoch: 3142
Global_epoch: 3143
Global_epoch: 3144
Global_epoch: 3145
Global_epoch: 3146
Global_epoch: 3147
Global_epoch: 3148
Global_epoch: 3149
Global_epoch: 3150
Global_epoch: 3151
Global_epoch: 3152
Global_epoch: 3153
Global_epoch: 3154
Global_epoch: 3155
Global_epoch: 3156
Global_epoch: 3157
Global_epoch: 3158
Global_epoch: 3159
Global_epoch: 3160
Global_epoch: 3161
Global_epoch: 3162
Global_epoch: 3163
Global_epoch: 3164
Global_epoch: 3165
Global_epoch: 3166
Global_epoch: 3167
Global_epoch: 3168
Global_epoch: 3169
Global_epoch: 3170
Global_epoch: 3171
Global_epoch: 3172
Global_epoch: 3173
Global_epoch: 3174
Global_epoch: 3175
Global_epoch: 3176
Global_epoch: 3177
Global_epoch: 3178
Global_epoch: 3179
Global_epoch: 3180
Global_epoch: 3181
Global_epoch: 3182
Global_epoch: 3183
Saved checkpoint: checkpoints/checkpoint_step000360000.pth
Evaluating for 1400 steps
1.654536775747935
Global_epoch: 3184
Global_epoch: 3185
Global_epoch: 3186
Global_epoch: 3187
Global_epoch: 3188
Global_epoch: 3189
Global_epoch: 3190
Global_epoch: 3191
Global_epoch: 3192
Global_epoch: 3193
Global_epoch: 3194
Global_epoch: 3195
Global_epoch: 3196
Global_epoch: 3197
Global_epoch: 3198
Global_epoch: 3199
Global_epoch: 3200
Global_epoch: 3201
Global_epoch: 3202
Global_epoch: 3203
Global_epoch: 3204
Global_epoch: 3205
Global_epoch: 3206
Global_epoch: 3207
Global_epoch: 3208
Global_epoch: 3209
Global_epoch: 3210
Global_epoch: 3211
Global_epoch: 3212
Global_epoch: 3213
Global_epoch: 3214
Global_epoch: 3215
Global_epoch: 3216
Global_epoch: 3217
Global_epoch: 3218
Global_epoch: 3219
Global_epoch: 3220
Global_epoch: 3221
Global_epoch: 3222
Global_epoch: 3223
Global_epoch: 3224
Global_epoch: 3225
Global_epoch: 3226
Global_epoch: 3227
Global_epoch: 3228
Global_epoch: 3229
Global_epoch: 3230
Global_epoch: 3231
Global_epoch: 3232
Global_epoch: 3233
Global_epoch: 3234
Global_epoch: 3235
Global_epoch: 3236
Global_epoch: 3237
Global_epoch: 3238
Global_epoch: 3239
Global_epoch: 3240
Global_epoch: 3241
Global_epoch: 3242
Global_epoch: 3243
Global_epoch: 3244
Global_epoch: 3245
Global_epoch: 3246
Global_epoch: 3247
Global_epoch: 3248
Global_epoch: 3249
Global_epoch: 3250
Global_epoch: 3251
Global_epoch: 3252
Global_epoch: 3253
Global_epoch: 3254
Global_epoch: 3255
Global_epoch: 3256
Global_epoch: 3257
Global_epoch: 3258
Global_epoch: 3259
Global_epoch: 3260
Global_epoch: 3261
Global_epoch: 3262
Global_epoch: 3263
Global_epoch: 3264
Global_epoch: 3265
Global_epoch: 3266
Global_epoch: 3267
Global_epoch: 3268
Global_epoch: 3269
Global_epoch: 3270
Global_epoch: 3271
Saved checkpoint: checkpoints/checkpoint_step000370000.pth
Evaluating for 1400 steps
1.7741293728351593
Global_epoch: 3272
Global_epoch: 3273
Global_epoch: 3274
Global_epoch: 3275
Global_epoch: 3276
Global_epoch: 3277
Global_epoch: 3278
Global_epoch: 3279
Global_epoch: 3280
Global_epoch: 3281
Global_epoch: 3282
Global_epoch: 3283
Global_epoch: 3284
Global_epoch: 3285
Global_epoch: 3286
Global_epoch: 3287
Global_epoch: 3288
Global_epoch: 3289
Global_epoch: 3290
Global_epoch: 3291
Global_epoch: 3292
Global_epoch: 3293
Global_epoch: 3294
Global_epoch: 3295
Global_epoch: 3296
Global_epoch: 3297
Global_epoch: 3298
Global_epoch: 3299
Global_epoch: 3300
Global_epoch: 3301
Global_epoch: 3302
Global_epoch: 3303
Global_epoch: 3304
Global_epoch: 3305
Global_epoch: 3306
Global_epoch: 3307
Global_epoch: 3308
Global_epoch: 3309
Global_epoch: 3310
Global_epoch: 3311
Global_epoch: 3312
Global_epoch: 3313
Global_epoch: 3314
Global_epoch: 3315
Global_epoch: 3316
Global_epoch: 3317
Global_epoch: 3318
Global_epoch: 3319
Global_epoch: 3320
Global_epoch: 3321
Global_epoch: 3322
Global_epoch: 3323
Global_epoch: 3324
Global_epoch: 3325
Global_epoch: 3326
Global_epoch: 3327
Global_epoch: 3328
Global_epoch: 3329
Global_epoch: 3330
Global_epoch: 3331
Global_epoch: 3332
Global_epoch: 3333
Global_epoch: 3334
Global_epoch: 3335
Global_epoch: 3336
Global_epoch: 3337
Global_epoch: 3338
Global_epoch: 3339
Global_epoch: 3340
Global_epoch: 3341
Global_epoch: 3342
Global_epoch: 3343
Global_epoch: 3344
Global_epoch: 3345
Global_epoch: 3346
Global_epoch: 3347
Global_epoch: 3348
Global_epoch: 3349
Global_epoch: 3350
Global_epoch: 3351
Global_epoch: 3352
Global_epoch: 3353
Global_epoch: 3354
Global_epoch: 3355
Global_epoch: 3356
Global_epoch: 3357
Global_epoch: 3358
Global_epoch: 3359
Global_epoch: 3360
Saved checkpoint: checkpoints/checkpoint_step000380000.pth
Evaluating for 1400 steps
1.596331536769867
Global_epoch: 3361
Global_epoch: 3362
Global_epoch: 3363
Global_epoch: 3364
Global_epoch: 3365
Global_epoch: 3366
Global_epoch: 3367
Global_epoch: 3368
Global_epoch: 3369
Global_epoch: 3370
Global_epoch: 3371
Global_epoch: 3372
Global_epoch: 3373
Global_epoch: 3374
Global_epoch: 3375
Global_epoch: 3376
Global_epoch: 3377
Global_epoch: 3378
Global_epoch: 3379
Global_epoch: 3380
Global_epoch: 3381
Global_epoch: 3382
Global_epoch: 3383
Global_epoch: 3384
Global_epoch: 3385
Global_epoch: 3386
Global_epoch: 3387
Global_epoch: 3388
Global_epoch: 3389
Global_epoch: 3390
Global_epoch: 3391
Global_epoch: 3392
Global_epoch: 3393
Global_epoch: 3394
Global_epoch: 3395
Global_epoch: 3396
Global_epoch: 3397
Global_epoch: 3398
Global_epoch: 3399
Global_epoch: 3400
Global_epoch: 3401
Global_epoch: 3402
Global_epoch: 3403
Global_epoch: 3404
Global_epoch: 3405
Global_epoch: 3406
Global_epoch: 3407
Global_epoch: 3408
Global_epoch: 3409
Global_epoch: 3410
Global_epoch: 3411
Global_epoch: 3412
Global_epoch: 3413
Global_epoch: 3414
Global_epoch: 3415
Global_epoch: 3416
Global_epoch: 3417
Global_epoch: 3418
Global_epoch: 3419
Global_epoch: 3420
Global_epoch: 3421
Global_epoch: 3422
Global_epoch: 3423
Global_epoch: 3424
Global_epoch: 3425
Global_epoch: 3426
Global_epoch: 3427
Global_epoch: 3428
Global_epoch: 3429
Global_epoch: 3430
Global_epoch: 3431
Global_epoch: 3432
Global_epoch: 3433
Global_epoch: 3434
Global_epoch: 3435
Global_epoch: 3436
Global_epoch: 3437
Global_epoch: 3438
Global_epoch: 3439
Global_epoch: 3440
Global_epoch: 3441
Global_epoch: 3442
Global_epoch: 3443
Global_epoch: 3444
Global_epoch: 3445
Global_epoch: 3446
Global_epoch: 3447
Global_epoch: 3448
Saved checkpoint: checkpoints/checkpoint_step000390000.pth
Evaluating for 1400 steps
2.442811147371928
Global_epoch: 3449
Global_epoch: 3450
Global_epoch: 3451
Global_epoch: 3452
Global_epoch: 3453
Global_epoch: 3454
Global_epoch: 3455
Global_epoch: 3456
Global_epoch: 3457
Global_epoch: 3458
Global_epoch: 3459
Global_epoch: 3460
Global_epoch: 3461
Global_epoch: 3462
Global_epoch: 3463
Global_epoch: 3464
Global_epoch: 3465
Global_epoch: 3466
Global_epoch: 3467
Global_epoch: 3468
Global_epoch: 3469
Global_epoch: 3470
Global_epoch: 3471
Global_epoch: 3472
Global_epoch: 3473
Global_epoch: 3474
Global_epoch: 3475
Global_epoch: 3476
Global_epoch: 3477
Global_epoch: 3478
Global_epoch: 3479
Global_epoch: 3480
Global_epoch: 3481
Global_epoch: 3482
Global_epoch: 3483
Global_epoch: 3484
Global_epoch: 3485
Global_epoch: 3486
Global_epoch: 3487
Global_epoch: 3488
Global_epoch: 3489
Global_epoch: 3490
Global_epoch: 3491
Global_epoch: 3492
Global_epoch: 3493
Global_epoch: 3494
Global_epoch: 3495
Global_epoch: 3496
Global_epoch: 3497
Global_epoch: 3498
Global_epoch: 3499
Global_epoch: 3500
Global_epoch: 3501
Global_epoch: 3502
Global_epoch: 3503
Global_epoch: 3504
Global_epoch: 3505
Global_epoch: 3506
Global_epoch: 3507
Global_epoch: 3508
Global_epoch: 3509
Global_epoch: 3510
Global_epoch: 3511
Global_epoch: 3512
Global_epoch: 3513
Global_epoch: 3514
Global_epoch: 3515
Global_epoch: 3516
Global_epoch: 3517
Global_epoch: 3518
Global_epoch: 3519
Global_epoch: 3520
Global_epoch: 3521
Global_epoch: 3522
Global_epoch: 3523
Global_epoch: 3524
Global_epoch: 3525
Global_epoch: 3526
Global_epoch: 3527
Global_epoch: 3528
Global_epoch: 3529
Global_epoch: 3530
Global_epoch: 3531
Global_epoch: 3532
Global_epoch: 3533
Global_epoch: 3534
Global_epoch: 3535
Global_epoch: 3536
Global_epoch: 3537
Saved checkpoint: checkpoints/checkpoint_step000400000.pth
Evaluating for 1400 steps
2.1825023969014485
Global_epoch: 3538
Global_epoch: 3539
Global_epoch: 3540
Global_epoch: 3541
Global_epoch: 3542
Global_epoch: 3543
Global_epoch: 3544
Global_epoch: 3545
Global_epoch: 3546
Global_epoch: 3547
Global_epoch: 3548
Global_epoch: 3549
Global_epoch: 3550
Global_epoch: 3551
Global_epoch: 3552
Global_epoch: 3553
Global_epoch: 3554
Global_epoch: 3555
Global_epoch: 3556
Global_epoch: 3557
Global_epoch: 3558
Global_epoch: 3559
Global_epoch: 3560
Global_epoch: 3561
Global_epoch: 3562
Global_epoch: 3563
Global_epoch: 3564
Global_epoch: 3565
Global_epoch: 3566
Global_epoch: 3567
Global_epoch: 3568
Global_epoch: 3569
Global_epoch: 3570
Global_epoch: 3571
Global_epoch: 3572
Global_epoch: 3573
Global_epoch: 3574
Global_epoch: 3575
Global_epoch: 3576
Global_epoch: 3577
Global_epoch: 3578
Global_epoch: 3579
Global_epoch: 3580
Global_epoch: 3581
Global_epoch: 3582
Global_epoch: 3583
Global_epoch: 3584
Global_epoch: 3585
Global_epoch: 3586
Global_epoch: 3587
Global_epoch: 3588
Global_epoch: 3589
Global_epoch: 3590
Global_epoch: 3591
Global_epoch: 3592
Global_epoch: 3593
Global_epoch: 3594
Global_epoch: 3595
Global_epoch: 3596
Global_epoch: 3597
Global_epoch: 3598
Global_epoch: 3599
Global_epoch: 3600
Global_epoch: 3601
Global_epoch: 3602
Global_epoch: 3603
Global_epoch: 3604
Global_epoch: 3605
Global_epoch: 3606
Global_epoch: 3607
Global_epoch: 3608
Global_epoch: 3609
Global_epoch: 3610
Global_epoch: 3611
Global_epoch: 3612
Global_epoch: 3613
Global_epoch: 3614
Global_epoch: 3615
Global_epoch: 3616
Global_epoch: 3617
Global_epoch: 3618
Global_epoch: 3619
Global_epoch: 3620
Global_epoch: 3621
Global_epoch: 3622
Global_epoch: 3623
Global_epoch: 3624
Global_epoch: 3625
Saved checkpoint: checkpoints/checkpoint_step000410000.pth
Evaluating for 1400 steps
1.9507473468780518
Global_epoch: 3626
Global_epoch: 3627
Global_epoch: 3628
Global_epoch: 3629
Global_epoch: 3630
Global_epoch: 3631
Global_epoch: 3632
Global_epoch: 3633
Global_epoch: 3634
Global_epoch: 3635
Global_epoch: 3636
Global_epoch: 3637
Global_epoch: 3638
Global_epoch: 3639
Global_epoch: 3640
Global_epoch: 3641
Global_epoch: 3642
Global_epoch: 3643
Global_epoch: 3644
Global_epoch: 3645
Global_epoch: 3646
Global_epoch: 3647
Global_epoch: 3648
Global_epoch: 3649
Global_epoch: 3650
Global_epoch: 3651
Global_epoch: 3652
Global_epoch: 3653
Global_epoch: 3654
Global_epoch: 3655
Global_epoch: 3656
Global_epoch: 3657
Global_epoch: 3658
Global_epoch: 3659
Global_epoch: 3660
Global_epoch: 3661
Global_epoch: 3662
Global_epoch: 3663
Global_epoch: 3664
Global_epoch: 3665
Global_epoch: 3666
Global_epoch: 3667
Global_epoch: 3668
Global_epoch: 3669
Global_epoch: 3670
Global_epoch: 3671
Global_epoch: 3672
Global_epoch: 3673
Global_epoch: 3674
Global_epoch: 3675
Global_epoch: 3676
Global_epoch: 3677
Global_epoch: 3678
Global_epoch: 3679
Global_epoch: 3680
Global_epoch: 3681
Global_epoch: 3682
Global_epoch: 3683
Global_epoch: 3684
Global_epoch: 3685
Global_epoch: 3686
Global_epoch: 3687
Global_epoch: 3688
Global_epoch: 3689
Global_epoch: 3690
Global_epoch: 3691
Global_epoch: 3692
Global_epoch: 3693
Global_epoch: 3694
Global_epoch: 3695
Global_epoch: 3696
Global_epoch: 3697
Global_epoch: 3698
Global_epoch: 3699
Global_epoch: 3700
Global_epoch: 3701
Global_epoch: 3702
Global_epoch: 3703
Global_epoch: 3704
Global_epoch: 3705
Global_epoch: 3706
Global_epoch: 3707
Global_epoch: 3708
Global_epoch: 3709
Global_epoch: 3710
Global_epoch: 3711
Global_epoch: 3712
Global_epoch: 3713
Global_epoch: 3714
Saved checkpoint: checkpoints/checkpoint_step000420000.pth
Evaluating for 1400 steps
2.0666629632314044
Global_epoch: 3715
Global_epoch: 3716
Global_epoch: 3717
Global_epoch: 3718
Global_epoch: 3719
Global_epoch: 3720
Global_epoch: 3721
Global_epoch: 3722
Global_epoch: 3723
Global_epoch: 3724
Global_epoch: 3725
Global_epoch: 3726
Global_epoch: 3727
Global_epoch: 3728
Global_epoch: 3729
Global_epoch: 3730
Global_epoch: 3731
Global_epoch: 3732
Global_epoch: 3733
Global_epoch: 3734
Global_epoch: 3735
Global_epoch: 3736
Global_epoch: 3737
Global_epoch: 3738
Global_epoch: 3739
Global_epoch: 3740
Global_epoch: 3741
Global_epoch: 3742
Global_epoch: 3743
Global_epoch: 3744
Global_epoch: 3745
Global_epoch: 3746
Global_epoch: 3747
Global_epoch: 3748
Global_epoch: 3749
Global_epoch: 3750
Global_epoch: 3751
Global_epoch: 3752
Global_epoch: 3753
Global_epoch: 3754
Global_epoch: 3755
Global_epoch: 3756
Global_epoch: 3757
Global_epoch: 3758
Global_epoch: 3759
Global_epoch: 3760
Global_epoch: 3761
Global_epoch: 3762
Global_epoch: 3763
Global_epoch: 3764
Global_epoch: 3765
Global_epoch: 3766
Global_epoch: 3767
Global_epoch: 3768
Global_epoch: 3769
Global_epoch: 3770
Global_epoch: 3771
Global_epoch: 3772
Global_epoch: 3773
Global_epoch: 3774
Global_epoch: 3775
Global_epoch: 3776
Global_epoch: 3777
Global_epoch: 3778
Global_epoch: 3779
Global_epoch: 3780
Global_epoch: 3781
Global_epoch: 3782
Global_epoch: 3783
Global_epoch: 3784
Global_epoch: 3785
Global_epoch: 3786
Global_epoch: 3787
Global_epoch: 3788
Global_epoch: 3789
Global_epoch: 3790
Global_epoch: 3791
Global_epoch: 3792
Global_epoch: 3793
Global_epoch: 3794
Global_epoch: 3795
Global_epoch: 3796
Global_epoch: 3797
Global_epoch: 3798
Global_epoch: 3799
Global_epoch: 3800
Global_epoch: 3801
Global_epoch: 3802
Saved checkpoint: checkpoints/checkpoint_step000430000.pth
Evaluating for 1400 steps
1.4561224301656088
Global_epoch: 3803
Global_epoch: 3804
Global_epoch: 3805
Global_epoch: 3806
Global_epoch: 3807
Global_epoch: 3808
Global_epoch: 3809
Global_epoch: 3810
Global_epoch: 3811
Global_epoch: 3812
Global_epoch: 3813
Global_epoch: 3814
Global_epoch: 3815
Global_epoch: 3816
Global_epoch: 3817
Global_epoch: 3818
Global_epoch: 3819
Global_epoch: 3820
Global_epoch: 3821
Global_epoch: 3822
Global_epoch: 3823
Global_epoch: 3824
Global_epoch: 3825
Global_epoch: 3826
Global_epoch: 3827
Global_epoch: 3828
Global_epoch: 3829
Global_epoch: 3830
Global_epoch: 3831
Global_epoch: 3832
Global_epoch: 3833
Global_epoch: 3834
Global_epoch: 3835
Global_epoch: 3836
Global_epoch: 3837
Global_epoch: 3838
Global_epoch: 3839
Global_epoch: 3840
Global_epoch: 3841
Global_epoch: 3842
Global_epoch: 3843
Global_epoch: 3844
Global_epoch: 3845
Global_epoch: 3846
Global_epoch: 3847
Global_epoch: 3848
Global_epoch: 3849
Global_epoch: 3850
Global_epoch: 3851
Global_epoch: 3852
Global_epoch: 3853
Global_epoch: 3854
Global_epoch: 3855
Global_epoch: 3856
Global_epoch: 3857
Global_epoch: 3858
Global_epoch: 3859
Global_epoch: 3860
Global_epoch: 3861
Global_epoch: 3862
Global_epoch: 3863
Global_epoch: 3864
Global_epoch: 3865
Global_epoch: 3866
Global_epoch: 3867
Global_epoch: 3868
Global_epoch: 3869
Global_epoch: 3870
Global_epoch: 3871
Global_epoch: 3872
Global_epoch: 3873
Global_epoch: 3874
Global_epoch: 3875
Global_epoch: 3876
Global_epoch: 3877
Global_epoch: 3878
Global_epoch: 3879
Global_epoch: 3880
Global_epoch: 3881
Global_epoch: 3882
Global_epoch: 3883
Global_epoch: 3884
Global_epoch: 3885
Global_epoch: 3886
Global_epoch: 3887
Global_epoch: 3888
Global_epoch: 3889
Global_epoch: 3890
Global_epoch: 3891
Saved checkpoint: checkpoints/checkpoint_step000440000.pth
Evaluating for 1400 steps
2.0227723201115926
Global_epoch: 3892
Global_epoch: 3893
Global_epoch: 3894
Global_epoch: 3895
Global_epoch: 3896
Global_epoch: 3897
Global_epoch: 3898
Global_epoch: 3899
Global_epoch: 3900
Global_epoch: 3901
Global_epoch: 3902
Global_epoch: 3903
Global_epoch: 3904
Global_epoch: 3905
Global_epoch: 3906
Global_epoch: 3907
Global_epoch: 3908
Global_epoch: 3909
Global_epoch: 3910
Global_epoch: 3911
Global_epoch: 3912
Global_epoch: 3913
Global_epoch: 3914
Global_epoch: 3915
Global_epoch: 3916
Global_epoch: 3917
Global_epoch: 3918
Global_epoch: 3919
Global_epoch: 3920
Global_epoch: 3921
Global_epoch: 3922
Global_epoch: 3923
Global_epoch: 3924
Global_epoch: 3925
Global_epoch: 3926
Global_epoch: 3927
Global_epoch: 3928
Global_epoch: 3929
Global_epoch: 3930
Global_epoch: 3931
Global_epoch: 3932
Global_epoch: 3933
Global_epoch: 3934
Global_epoch: 3935
Global_epoch: 3936
Global_epoch: 3937
Global_epoch: 3938
Global_epoch: 3939
Global_epoch: 3940
Global_epoch: 3941
Global_epoch: 3942
Global_epoch: 3943
Global_epoch: 3944
Global_epoch: 3945
Global_epoch: 3946
Global_epoch: 3947
Global_epoch: 3948
Global_epoch: 3949
Global_epoch: 3950
Global_epoch: 3951
Global_epoch: 3952
Global_epoch: 3953
Global_epoch: 3954
Global_epoch: 3955
Global_epoch: 3956
Global_epoch: 3957
Global_epoch: 3958
Global_epoch: 3959
Global_epoch: 3960
Global_epoch: 3961
Global_epoch: 3962
Global_epoch: 3963
Global_epoch: 3964
Global_epoch: 3965
Global_epoch: 3966
Global_epoch: 3967
Global_epoch: 3968
Global_epoch: 3969
Global_epoch: 3970
Global_epoch: 3971
Global_epoch: 3972
Global_epoch: 3973
Global_epoch: 3974
Global_epoch: 3975
Global_epoch: 3976
Global_epoch: 3977
Global_epoch: 3978
Global_epoch: 3979
Saved checkpoint: checkpoints/checkpoint_step000450000.pth
Evaluating for 1400 steps
1.6258622964223226
Global_epoch: 3980
Global_epoch: 3981
Global_epoch: 3982
Global_epoch: 3983
Global_epoch: 3984
Global_epoch: 3985
Global_epoch: 3986
Global_epoch: 3987
Global_epoch: 3988
Global_epoch: 3989
Global_epoch: 3990
Global_epoch: 3991
Global_epoch: 3992
Global_epoch: 3993
Global_epoch: 3994
Global_epoch: 3995
Global_epoch: 3996
Global_epoch: 3997
Global_epoch: 3998
Global_epoch: 3999
Global_epoch: 4000
Global_epoch: 4001
Global_epoch: 4002
Global_epoch: 4003
Global_epoch: 4004
Global_epoch: 4005
Global_epoch: 4006
Global_epoch: 4007
Global_epoch: 4008
Global_epoch: 4009
Global_epoch: 4010
Global_epoch: 4011
Global_epoch: 4012
Global_epoch: 4013
Global_epoch: 4014
Global_epoch: 4015
Global_epoch: 4016
Global_epoch: 4017
Global_epoch: 4018
Global_epoch: 4019
Global_epoch: 4020
Global_epoch: 4021
Global_epoch: 4022
Global_epoch: 4023
Global_epoch: 4024
Global_epoch: 4025
Global_epoch: 4026
Global_epoch: 4027
Global_epoch: 4028
Global_epoch: 4029
Global_epoch: 4030
Global_epoch: 4031
Global_epoch: 4032
Global_epoch: 4033
Global_epoch: 4034
Global_epoch: 4035
Global_epoch: 4036
Global_epoch: 4037
Global_epoch: 4038
Global_epoch: 4039
Global_epoch: 4040
Global_epoch: 4041
Global_epoch: 4042
Global_epoch: 4043
Global_epoch: 4044
Global_epoch: 4045
Global_epoch: 4046
Global_epoch: 4047
Global_epoch: 4048
Global_epoch: 4049
Global_epoch: 4050
Global_epoch: 4051
Global_epoch: 4052
Global_epoch: 4053
Global_epoch: 4054
Global_epoch: 4055
Global_epoch: 4056
Global_epoch: 4057
Global_epoch: 4058
Global_epoch: 4059
Global_epoch: 4060
Global_epoch: 4061
Global_epoch: 4062
Global_epoch: 4063
Global_epoch: 4064
Global_epoch: 4065
Global_epoch: 4066
Global_epoch: 4067
Global_epoch: 4068
Saved checkpoint: checkpoints/checkpoint_step000460000.pth
Evaluating for 1400 steps
1.7158744951089224
Global_epoch: 4069
Global_epoch: 4070
Global_epoch: 4071
Global_epoch: 4072
Global_epoch: 4073
Global_epoch: 4074
Global_epoch: 4075
Global_epoch: 4076
Global_epoch: 4077
Global_epoch: 4078
Global_epoch: 4079
Global_epoch: 4080
Global_epoch: 4081
Global_epoch: 4082
Global_epoch: 4083
Global_epoch: 4084
Global_epoch: 4085
Global_epoch: 4086
Global_epoch: 4087
Global_epoch: 4088
Global_epoch: 4089
Global_epoch: 4090
Global_epoch: 4091
Global_epoch: 4092
Global_epoch: 4093
Global_epoch: 4094
Global_epoch: 4095
Global_epoch: 4096
Global_epoch: 4097
Global_epoch: 4098
Global_epoch: 4099
Global_epoch: 4100
Global_epoch: 4101
Global_epoch: 4102
Global_epoch: 4103
Global_epoch: 4104
Global_epoch: 4105
Global_epoch: 4106
Global_epoch: 4107
Global_epoch: 4108
Global_epoch: 4109
Global_epoch: 4110
Global_epoch: 4111
Global_epoch: 4112
Global_epoch: 4113
Global_epoch: 4114
Global_epoch: 4115
Global_epoch: 4116
Global_epoch: 4117
Global_epoch: 4118
Global_epoch: 4119
Global_epoch: 4120
Global_epoch: 4121
Global_epoch: 4122
Global_epoch: 4123
Global_epoch: 4124
Global_epoch: 4125
Global_epoch: 4126
Global_epoch: 4127
Global_epoch: 4128
Global_epoch: 4129
Global_epoch: 4130
Global_epoch: 4131
Global_epoch: 4132
Global_epoch: 4133
Global_epoch: 4134
Global_epoch: 4135
Global_epoch: 4136
Global_epoch: 4137
Global_epoch: 4138
Global_epoch: 4139
Global_epoch: 4140
Global_epoch: 4141
Global_epoch: 4142
Global_epoch: 4143
Global_epoch: 4144
Global_epoch: 4145
Global_epoch: 4146
Global_epoch: 4147
Global_epoch: 4148
Global_epoch: 4149
Global_epoch: 4150
Global_epoch: 4151
Global_epoch: 4152
Global_epoch: 4153
Global_epoch: 4154
Global_epoch: 4155
Global_epoch: 4156
Saved checkpoint: checkpoints/checkpoint_step000470000.pth
Evaluating for 1400 steps
3.2517852942148844
Global_epoch: 4157
Global_epoch: 4158
Global_epoch: 4159
Global_epoch: 4160
Global_epoch: 4161
Global_epoch: 4162
Global_epoch: 4163
Global_epoch: 4164
Global_epoch: 4165
Global_epoch: 4166
Global_epoch: 4167
Global_epoch: 4168
Global_epoch: 4169
Global_epoch: 4170
Global_epoch: 4171
Global_epoch: 4172
Global_epoch: 4173
Global_epoch: 4174
Global_epoch: 4175
Global_epoch: 4176
Global_epoch: 4177
Global_epoch: 4178
Global_epoch: 4179
Global_epoch: 4180
Global_epoch: 4181
Global_epoch: 4182
Global_epoch: 4183
Global_epoch: 4184
Global_epoch: 4185
Global_epoch: 4186
Global_epoch: 4187
Global_epoch: 4188
Global_epoch: 4189
Global_epoch: 4190
Global_epoch: 4191
Global_epoch: 4192
Global_epoch: 4193
Global_epoch: 4194
Global_epoch: 4195
Global_epoch: 4196
Global_epoch: 4197
Global_epoch: 4198
Global_epoch: 4199
Global_epoch: 4200
Global_epoch: 4201
Global_epoch: 4202
Global_epoch: 4203
Global_epoch: 4204
Global_epoch: 4205
Global_epoch: 4206
Global_epoch: 4207
Global_epoch: 4208
Global_epoch: 4209
Global_epoch: 4210
Global_epoch: 4211
Global_epoch: 4212
Global_epoch: 4213
Global_epoch: 4214
Global_epoch: 4215
Global_epoch: 4216
Global_epoch: 4217
Global_epoch: 4218
Global_epoch: 4219
Global_epoch: 4220
Global_epoch: 4221
Global_epoch: 4222
Global_epoch: 4223
Global_epoch: 4224
Global_epoch: 4225
Global_epoch: 4226
Global_epoch: 4227
Global_epoch: 4228
Global_epoch: 4229
Global_epoch: 4230
Global_epoch: 4231
Global_epoch: 4232
Global_epoch: 4233
Global_epoch: 4234
Global_epoch: 4235
Global_epoch: 4236
Global_epoch: 4237
Global_epoch: 4238
Global_epoch: 4239
Global_epoch: 4240
Global_epoch: 4241
Global_epoch: 4242
Global_epoch: 4243
Global_epoch: 4244
Global_epoch: 4245
Saved checkpoint: checkpoints/checkpoint_step000480000.pth
Evaluating for 1400 steps
1.301208086653302
Global_epoch: 4246
Global_epoch: 4247
Global_epoch: 4248
Global_epoch: 4249
Global_epoch: 4250
Global_epoch: 4251
Global_epoch: 4252
Global_epoch: 4253
Global_epoch: 4254
Global_epoch: 4255
Global_epoch: 4256
Global_epoch: 4257
Global_epoch: 4258
Global_epoch: 4259
Global_epoch: 4260
Global_epoch: 4261
Global_epoch: 4262
Global_epoch: 4263
Global_epoch: 4264
Global_epoch: 4265
Global_epoch: 4266
Global_epoch: 4267
Global_epoch: 4268
Global_epoch: 4269
Global_epoch: 4270
Global_epoch: 4271
Global_epoch: 4272
Global_epoch: 4273
Global_epoch: 4274
Global_epoch: 4275
Global_epoch: 4276
Global_epoch: 4277
Global_epoch: 4278
Global_epoch: 4279
Global_epoch: 4280
Global_epoch: 4281
Global_epoch: 4282
Global_epoch: 4283
Global_epoch: 4284
Global_epoch: 4285
Global_epoch: 4286
Global_epoch: 4287
Global_epoch: 4288
Global_epoch: 4289
Global_epoch: 4290
Global_epoch: 4291
Global_epoch: 4292
Global_epoch: 4293
Global_epoch: 4294
Global_epoch: 4295
Global_epoch: 4296
Global_epoch: 4297
Global_epoch: 4298
Global_epoch: 4299
Global_epoch: 4300
Global_epoch: 4301
Global_epoch: 4302
Global_epoch: 4303
Global_epoch: 4304
Global_epoch: 4305
Global_epoch: 4306
Global_epoch: 4307
Global_epoch: 4308
Global_epoch: 4309
Global_epoch: 4310
Global_epoch: 4311
Global_epoch: 4312
Global_epoch: 4313
Global_epoch: 4314
Global_epoch: 4315
Global_epoch: 4316
Global_epoch: 4317
Global_epoch: 4318
Global_epoch: 4319
Global_epoch: 4320
Global_epoch: 4321
Global_epoch: 4322
Global_epoch: 4323
Global_epoch: 4324
Global_epoch: 4325
Global_epoch: 4326
Global_epoch: 4327
Global_epoch: 4328
Global_epoch: 4329
Global_epoch: 4330
Global_epoch: 4331
Global_epoch: 4332
Global_epoch: 4333
Saved checkpoint: checkpoints/checkpoint_step000490000.pth
Evaluating for 1400 steps
1.214521050453186
Global_epoch: 4334
Global_epoch: 4335
Global_epoch: 4336
Global_epoch: 4337
Global_epoch: 4338
Global_epoch: 4339
Global_epoch: 4340
Global_epoch: 4341
Global_epoch: 4342
Global_epoch: 4343
Global_epoch: 4344
Global_epoch: 4345
Global_epoch: 4346
Global_epoch: 4347
Global_epoch: 4348
Global_epoch: 4349
Global_epoch: 4350
Global_epoch: 4351
Global_epoch: 4352
Global_epoch: 4353
Global_epoch: 4354
Global_epoch: 4355
Global_epoch: 4356
Global_epoch: 4357
Global_epoch: 4358
Global_epoch: 4359
Global_epoch: 4360
Global_epoch: 4361
Global_epoch: 4362
Global_epoch: 4363
Global_epoch: 4364
Global_epoch: 4365
Global_epoch: 4366
Global_epoch: 4367
Global_epoch: 4368
Global_epoch: 4369
Global_epoch: 4370
Global_epoch: 4371
Global_epoch: 4372
Global_epoch: 4373
Global_epoch: 4374
Global_epoch: 4375
Global_epoch: 4376
Global_epoch: 4377
Global_epoch: 4378
Global_epoch: 4379
Global_epoch: 4380
Global_epoch: 4381
Global_epoch: 4382
Global_epoch: 4383
Global_epoch: 4384
Global_epoch: 4385
Global_epoch: 4386
Global_epoch: 4387
Global_epoch: 4388
Global_epoch: 4389
Global_epoch: 4390
Global_epoch: 4391
Global_epoch: 4392
Global_epoch: 4393
Global_epoch: 4394
Global_epoch: 4395
Global_epoch: 4396
Global_epoch: 4397
Global_epoch: 4398
Global_epoch: 4399
Global_epoch: 4400
Global_epoch: 4401
Global_epoch: 4402
Global_epoch: 4403
Global_epoch: 4404
Global_epoch: 4405
Global_epoch: 4406
Global_epoch: 4407
Global_epoch: 4408
Global_epoch: 4409
Global_epoch: 4410
Global_epoch: 4411
Global_epoch: 4412
Global_epoch: 4413
Global_epoch: 4414
Global_epoch: 4415
Global_epoch: 4416
Global_epoch: 4417
Global_epoch: 4418
Global_epoch: 4419
Global_epoch: 4420
Global_epoch: 4421
Global_epoch: 4422
Saved checkpoint: checkpoints/checkpoint_step000500000.pth
Evaluating for 1400 steps
1.2423943622037767
Global_epoch: 4423
Global_epoch: 4424
Global_epoch: 4425
Global_epoch: 4426
Global_epoch: 4427
Global_epoch: 4428
Global_epoch: 4429
Global_epoch: 4430
Global_epoch: 4431
Global_epoch: 4432
Global_epoch: 4433
Global_epoch: 4434
Global_epoch: 4435
Global_epoch: 4436
Global_epoch: 4437
Global_epoch: 4438
Global_epoch: 4439
Global_epoch: 4440
Global_epoch: 4441
Global_epoch: 4442
Global_epoch: 4443
Global_epoch: 4444
Global_epoch: 4445
Global_epoch: 4446
Global_epoch: 4447
Global_epoch: 4448
Global_epoch: 4449
Global_epoch: 4450
Global_epoch: 4451
Global_epoch: 4452
Global_epoch: 4453
Global_epoch: 4454
Global_epoch: 4455
Global_epoch: 4456
Global_epoch: 4457
Global_epoch: 4458
Global_epoch: 4459
Global_epoch: 4460
Global_epoch: 4461
Global_epoch: 4462
Global_epoch: 4463
Global_epoch: 4464
Global_epoch: 4465
Global_epoch: 4466
Global_epoch: 4467
Global_epoch: 4468
Global_epoch: 4469
Global_epoch: 4470
Global_epoch: 4471
Global_epoch: 4472
Global_epoch: 4473
Global_epoch: 4474
Global_epoch: 4475
Global_epoch: 4476
Global_epoch: 4477
Global_epoch: 4478
Global_epoch: 4479
Global_epoch: 4480
Global_epoch: 4481
Global_epoch: 4482
Global_epoch: 4483
Global_epoch: 4484
Global_epoch: 4485
Global_epoch: 4486
Global_epoch: 4487
Global_epoch: 4488
Global_epoch: 4489
Global_epoch: 4490
Global_epoch: 4491
Global_epoch: 4492
Global_epoch: 4493
Global_epoch: 4494
Global_epoch: 4495
Global_epoch: 4496
Global_epoch: 4497
Global_epoch: 4498
Global_epoch: 4499
Global_epoch: 4500
Global_epoch: 4501
Global_epoch: 4502
Global_epoch: 4503
Global_epoch: 4504
Global_epoch: 4505
Global_epoch: 4506
Global_epoch: 4507
Global_epoch: 4508
Global_epoch: 4509
Global_epoch: 4510
Saved checkpoint: checkpoints/checkpoint_step000510000.pth
Evaluating for 1400 steps
1.178066192070643
Global_epoch: 4511
Global_epoch: 4512
Global_epoch: 4513
Global_epoch: 4514
Global_epoch: 4515
Global_epoch: 4516
Global_epoch: 4517
Global_epoch: 4518
Global_epoch: 4519
Global_epoch: 4520
Global_epoch: 4521
Global_epoch: 4522
Global_epoch: 4523
Global_epoch: 4524
Global_epoch: 4525
Global_epoch: 4526
Global_epoch: 4527
Global_epoch: 4528
Global_epoch: 4529
Global_epoch: 4530
Global_epoch: 4531
Global_epoch: 4532
Global_epoch: 4533
Global_epoch: 4534
Global_epoch: 4535
Global_epoch: 4536
Global_epoch: 4537
Global_epoch: 4538
Global_epoch: 4539
Global_epoch: 4540
